<?xml version="1.0" encoding="UTF-8"?>
<testsuite xmlns:xsi="http://www.w3.org/2001/XMLSchema-instance" xsi:noNamespaceSchemaLocation="https://maven.apache.org/surefire/maven-surefire-plugin/xsd/surefire-test-report.xsd" name="TestSuite" time="667.567" tests="80" errors="0" skipped="0" failures="2">
  <properties>
    <property name="sun.desktop" value="windows"/>
    <property name="awt.toolkit" value="sun.awt.windows.WToolkit"/>
    <property name="java.specification.version" value="11"/>
    <property name="sun.cpu.isalist" value="amd64"/>
    <property name="sun.jnu.encoding" value="Cp1252"/>
    <property name="java.class.path" value="C:\Users\EvilT\IdeaProjects\FinalFrameworkProject\web-automation-framework-crip\target\test-classes;C:\Users\EvilT\IdeaProjects\FinalFrameworkProject\web-automation-framework-crip\target\classes;C:\Users\EvilT\.m2\repository\org\seleniumhq\selenium\selenium-server\4.0.0-alpha-2\selenium-server-4.0.0-alpha-2.jar;C:\Users\EvilT\.m2\repository\org\seleniumhq\selenium\grid\4.0.0-alpha-2\grid-4.0.0-alpha-2.jar;C:\Users\EvilT\.m2\repository\org\seleniumhq\selenium\selenium-edgehtml-driver\4.0.0-alpha-2\selenium-edgehtml-driver-4.0.0-alpha-2.jar;C:\Users\EvilT\.m2\repository\org\seleniumhq\selenium\jetty-repacked\9.4.12.v20180830.1\jetty-repacked-9.4.12.v20180830.1.jar;C:\Users\EvilT\.m2\repository\javax\servlet\javax.servlet-api\3.1.0\javax.servlet-api-3.1.0.jar;C:\Users\EvilT\.m2\repository\org\zeromq\jeromq\0.5.1\jeromq-0.5.1.jar;C:\Users\EvilT\.m2\repository\eu\neilalexander\jnacl\1.0.0\jnacl-1.0.0.jar;C:\Users\EvilT\.m2\repository\net\jcip\jcip-annotations\1.0\jcip-annotations-1.0.jar;C:\Users\EvilT\.m2\repository\org\yaml\snakeyaml\1.24\snakeyaml-1.24.jar;C:\Users\EvilT\.m2\repository\org\seleniumhq\selenium\selenium-java\4.1.4\selenium-java-4.1.4.jar;C:\Users\EvilT\.m2\repository\org\seleniumhq\selenium\selenium-api\4.1.4\selenium-api-4.1.4.jar;C:\Users\EvilT\.m2\repository\org\seleniumhq\selenium\selenium-chrome-driver\4.1.4\selenium-chrome-driver-4.1.4.jar;C:\Users\EvilT\.m2\repository\com\google\auto\service\auto-service-annotations\1.0.1\auto-service-annotations-1.0.1.jar;C:\Users\EvilT\.m2\repository\com\google\auto\service\auto-service\1.0.1\auto-service-1.0.1.jar;C:\Users\EvilT\.m2\repository\com\google\auto\auto-common\1.2\auto-common-1.2.jar;C:\Users\EvilT\.m2\repository\com\google\guava\guava\31.1-jre\guava-31.1-jre.jar;C:\Users\EvilT\.m2\repository\com\google\guava\failureaccess\1.0.1\failureaccess-1.0.1.jar;C:\Users\EvilT\.m2\repository\com\google\guava\listenablefuture\9999.0-empty-to-avoid-conflict-with-guava\listenablefuture-9999.0-empty-to-avoid-conflict-with-guava.jar;C:\Users\EvilT\.m2\repository\com\google\code\findbugs\jsr305\3.0.2\jsr305-3.0.2.jar;C:\Users\EvilT\.m2\repository\org\checkerframework\checker-qual\3.12.0\checker-qual-3.12.0.jar;C:\Users\EvilT\.m2\repository\com\google\errorprone\error_prone_annotations\2.11.0\error_prone_annotations-2.11.0.jar;C:\Users\EvilT\.m2\repository\com\google\j2objc\j2objc-annotations\1.3\j2objc-annotations-1.3.jar;C:\Users\EvilT\.m2\repository\org\seleniumhq\selenium\selenium-chromium-driver\4.1.4\selenium-chromium-driver-4.1.4.jar;C:\Users\EvilT\.m2\repository\org\seleniumhq\selenium\selenium-json\4.1.4\selenium-json-4.1.4.jar;C:\Users\EvilT\.m2\repository\org\seleniumhq\selenium\selenium-devtools-v100\4.1.4\selenium-devtools-v100-4.1.4.jar;C:\Users\EvilT\.m2\repository\org\seleniumhq\selenium\selenium-devtools-v101\4.1.4\selenium-devtools-v101-4.1.4.jar;C:\Users\EvilT\.m2\repository\org\seleniumhq\selenium\selenium-devtools-v85\4.1.4\selenium-devtools-v85-4.1.4.jar;C:\Users\EvilT\.m2\repository\org\seleniumhq\selenium\selenium-devtools-v99\4.1.4\selenium-devtools-v99-4.1.4.jar;C:\Users\EvilT\.m2\repository\org\seleniumhq\selenium\selenium-edge-driver\4.1.4\selenium-edge-driver-4.1.4.jar;C:\Users\EvilT\.m2\repository\org\seleniumhq\selenium\selenium-firefox-driver\4.1.4\selenium-firefox-driver-4.1.4.jar;C:\Users\EvilT\.m2\repository\org\seleniumhq\selenium\selenium-ie-driver\4.1.4\selenium-ie-driver-4.1.4.jar;C:\Users\EvilT\.m2\repository\org\seleniumhq\selenium\selenium-opera-driver\4.1.4\selenium-opera-driver-4.1.4.jar;C:\Users\EvilT\.m2\repository\org\seleniumhq\selenium\selenium-remote-driver\4.1.4\selenium-remote-driver-4.1.4.jar;C:\Users\EvilT\.m2\repository\io\netty\netty-buffer\4.1.76.Final\netty-buffer-4.1.76.Final.jar;C:\Users\EvilT\.m2\repository\io\netty\netty-codec-http\4.1.76.Final\netty-codec-http-4.1.76.Final.jar;C:\Users\EvilT\.m2\repository\io\netty\netty-codec\4.1.76.Final\netty-codec-4.1.76.Final.jar;C:\Users\EvilT\.m2\repository\io\netty\netty-handler\4.1.76.Final\netty-handler-4.1.76.Final.jar;C:\Users\EvilT\.m2\repository\io\netty\netty-common\4.1.76.Final\netty-common-4.1.76.Final.jar;C:\Users\EvilT\.m2\repository\io\netty\netty-transport-classes-epoll\4.1.76.Final\netty-transport-classes-epoll-4.1.76.Final.jar;C:\Users\EvilT\.m2\repository\io\netty\netty-transport-classes-kqueue\4.1.76.Final\netty-transport-classes-kqueue-4.1.76.Final.jar;C:\Users\EvilT\.m2\repository\io\netty\netty-transport-native-epoll\4.1.76.Final\netty-transport-native-epoll-4.1.76.Final.jar;C:\Users\EvilT\.m2\repository\io\netty\netty-transport-native-kqueue\4.1.76.Final\netty-transport-native-kqueue-4.1.76.Final.jar;C:\Users\EvilT\.m2\repository\io\netty\netty-transport-native-unix-common\4.1.76.Final\netty-transport-native-unix-common-4.1.76.Final.jar;C:\Users\EvilT\.m2\repository\io\netty\netty-transport\4.1.76.Final\netty-transport-4.1.76.Final.jar;C:\Users\EvilT\.m2\repository\io\netty\netty-resolver\4.1.76.Final\netty-resolver-4.1.76.Final.jar;C:\Users\EvilT\.m2\repository\io\opentelemetry\opentelemetry-api\1.13.0\opentelemetry-api-1.13.0.jar;C:\Users\EvilT\.m2\repository\io\opentelemetry\opentelemetry-context\1.13.0\opentelemetry-context-1.13.0.jar;C:\Users\EvilT\.m2\repository\io\opentelemetry\opentelemetry-exporter-logging\1.13.0\opentelemetry-exporter-logging-1.13.0.jar;C:\Users\EvilT\.m2\repository\io\opentelemetry\opentelemetry-sdk-metrics\1.13.0-alpha\opentelemetry-sdk-metrics-1.13.0-alpha.jar;C:\Users\EvilT\.m2\repository\io\opentelemetry\opentelemetry-sdk-logs\1.13.0-alpha\opentelemetry-sdk-logs-1.13.0-alpha.jar;C:\Users\EvilT\.m2\repository\io\opentelemetry\opentelemetry-sdk-common\1.13.0\opentelemetry-sdk-common-1.13.0.jar;C:\Users\EvilT\.m2\repository\io\opentelemetry\opentelemetry-sdk-extension-autoconfigure-spi\1.13.0\opentelemetry-sdk-extension-autoconfigure-spi-1.13.0.jar;C:\Users\EvilT\.m2\repository\io\opentelemetry\opentelemetry-sdk-extension-autoconfigure\1.13.0-alpha\opentelemetry-sdk-extension-autoconfigure-1.13.0-alpha.jar;C:\Users\EvilT\.m2\repository\io\opentelemetry\opentelemetry-sdk-trace\1.13.0\opentelemetry-sdk-trace-1.13.0.jar;C:\Users\EvilT\.m2\repository\io\opentelemetry\opentelemetry-sdk\1.13.0\opentelemetry-sdk-1.13.0.jar;C:\Users\EvilT\.m2\repository\io\opentelemetry\opentelemetry-semconv\1.13.0-alpha\opentelemetry-semconv-1.13.0-alpha.jar;C:\Users\EvilT\.m2\repository\io\ous\jtoml\2.0.0\jtoml-2.0.0.jar;C:\Users\EvilT\.m2\repository\net\bytebuddy\byte-buddy\1.12.9\byte-buddy-1.12.9.jar;C:\Users\EvilT\.m2\repository\org\apache\commons\commons-exec\1.3\commons-exec-1.3.jar;C:\Users\EvilT\.m2\repository\org\asynchttpclient\async-http-client\2.12.3\async-http-client-2.12.3.jar;C:\Users\EvilT\.m2\repository\org\asynchttpclient\async-http-client-netty-utils\2.12.3\async-http-client-netty-utils-2.12.3.jar;C:\Users\EvilT\.m2\repository\io\netty\netty-codec-socks\4.1.60.Final\netty-codec-socks-4.1.60.Final.jar;C:\Users\EvilT\.m2\repository\io\netty\netty-handler-proxy\4.1.60.Final\netty-handler-proxy-4.1.60.Final.jar;C:\Users\EvilT\.m2\repository\io\netty\netty-transport-native-epoll\4.1.60.Final\netty-transport-native-epoll-4.1.60.Final-linux-x86_64.jar;C:\Users\EvilT\.m2\repository\io\netty\netty-transport-native-kqueue\4.1.60.Final\netty-transport-native-kqueue-4.1.60.Final-osx-x86_64.jar;C:\Users\EvilT\.m2\repository\org\reactivestreams\reactive-streams\1.0.3\reactive-streams-1.0.3.jar;C:\Users\EvilT\.m2\repository\com\typesafe\netty\netty-reactive-streams\2.0.4\netty-reactive-streams-2.0.4.jar;C:\Users\EvilT\.m2\repository\com\sun\activation\jakarta.activation\1.2.2\jakarta.activation-1.2.2.jar;C:\Users\EvilT\.m2\repository\org\seleniumhq\selenium\selenium-http\4.1.4\selenium-http-4.1.4.jar;C:\Users\EvilT\.m2\repository\dev\failsafe\failsafe\3.2.3\failsafe-3.2.3.jar;C:\Users\EvilT\.m2\repository\org\seleniumhq\selenium\selenium-safari-driver\4.1.4\selenium-safari-driver-4.1.4.jar;C:\Users\EvilT\.m2\repository\org\seleniumhq\selenium\selenium-support\4.1.4\selenium-support-4.1.4.jar;C:\Users\EvilT\.m2\repository\org\testng\testng\6.14.3\testng-6.14.3.jar;C:\Users\EvilT\.m2\repository\com\beust\jcommander\1.72\jcommander-1.72.jar;C:\Users\EvilT\.m2\repository\org\apache-extras\beanshell\bsh\2.0b6\bsh-2.0b6.jar;C:\Users\EvilT\.m2\repository\org\jsoup\jsoup\1.14.3\jsoup-1.14.3.jar;C:\Users\EvilT\.m2\repository\org\apache\poi\poi-ooxml\3.7\poi-ooxml-3.7.jar;C:\Users\EvilT\.m2\repository\org\apache\poi\poi\3.7\poi-3.7.jar;C:\Users\EvilT\.m2\repository\org\apache\poi\poi-ooxml-schemas\3.7\poi-ooxml-schemas-3.7.jar;C:\Users\EvilT\.m2\repository\org\apache\xmlbeans\xmlbeans\2.3.0\xmlbeans-2.3.0.jar;C:\Users\EvilT\.m2\repository\stax\stax-api\1.0.1\stax-api-1.0.1.jar;C:\Users\EvilT\.m2\repository\org\apache\geronimo\specs\geronimo-stax-api_1.0_spec\1.0\geronimo-stax-api_1.0_spec-1.0.jar;C:\Users\EvilT\.m2\repository\dom4j\dom4j\1.6.1\dom4j-1.6.1.jar;C:\Users\EvilT\.m2\repository\xml-apis\xml-apis\1.0.b2\xml-apis-1.0.b2.jar;C:\Users\EvilT\.m2\repository\com\relevantcodes\extentreports\2.41.2\extentreports-2.41.2.jar;C:\Users\EvilT\.m2\repository\org\xerial\sqlite-jdbc\3.8.11.1\sqlite-jdbc-3.8.11.1.jar;C:\Users\EvilT\.m2\repository\org\freemarker\freemarker\2.3.23\freemarker-2.3.23.jar;C:\Users\EvilT\.m2\repository\org\mongodb\mongodb-driver\3.0.4\mongodb-driver-3.0.4.jar;C:\Users\EvilT\.m2\repository\org\mongodb\bson\3.0.4\bson-3.0.4.jar;C:\Users\EvilT\.m2\repository\org\mongodb\mongodb-driver-core\3.0.4\mongodb-driver-core-3.0.4.jar;C:\Users\EvilT\.m2\repository\com\aventstack\extentreports\3.1.5\extentreports-3.1.5.jar;C:\Users\EvilT\.m2\repository\org\apache\httpcomponents\httpclient\4.5.2\httpclient-4.5.2.jar;C:\Users\EvilT\.m2\repository\org\apache\httpcomponents\httpcore\4.4.4\httpcore-4.4.4.jar;C:\Users\EvilT\.m2\repository\commons-logging\commons-logging\1.2\commons-logging-1.2.jar;C:\Users\EvilT\.m2\repository\commons-codec\commons-codec\1.9\commons-codec-1.9.jar;C:\Users\EvilT\.m2\repository\org\apache\httpcomponents\httpmime\4.5.2\httpmime-4.5.2.jar;C:\Users\EvilT\.m2\repository\com\google\code\gson\gson\2.8.0\gson-2.8.0.jar;C:\Users\EvilT\.m2\repository\commons-io\commons-io\2.5\commons-io-2.5.jar;C:\Users\EvilT\.m2\repository\org\apache\commons\commons-lang3\3.7\commons-lang3-3.7.jar;C:\Users\EvilT\.m2\repository\io\rest-assured\rest-assured\4.4.0\rest-assured-4.4.0.jar;C:\Users\EvilT\.m2\repository\org\codehaus\groovy\groovy\3.0.8\groovy-3.0.8.jar;C:\Users\EvilT\.m2\repository\org\codehaus\groovy\groovy-xml\3.0.8\groovy-xml-3.0.8.jar;C:\Users\EvilT\.m2\repository\org\hamcrest\hamcrest\2.1\hamcrest-2.1.jar;C:\Users\EvilT\.m2\repository\org\ccil\cowan\tagsoup\tagsoup\1.2.1\tagsoup-1.2.1.jar;C:\Users\EvilT\.m2\repository\io\rest-assured\json-path\4.4.0\json-path-4.4.0.jar;C:\Users\EvilT\.m2\repository\org\codehaus\groovy\groovy-json\3.0.8\groovy-json-3.0.8.jar;C:\Users\EvilT\.m2\repository\io\rest-assured\rest-assured-common\4.4.0\rest-assured-common-4.4.0.jar;C:\Users\EvilT\.m2\repository\io\rest-assured\xml-path\4.4.0\xml-path-4.4.0.jar;C:\Users\EvilT\.m2\repository\jakarta\xml\bind\jakarta.xml.bind-api\2.3.3\jakarta.xml.bind-api-2.3.3.jar;C:\Users\EvilT\.m2\repository\jakarta\activation\jakarta.activation-api\1.2.2\jakarta.activation-api-1.2.2.jar;C:\Users\EvilT\.m2\repository\com\sun\xml\bind\jaxb-impl\2.3.3\jaxb-impl-2.3.3.jar;C:\Users\EvilT\.m2\repository\org\mongodb\mongo-java-driver\3.12.10\mongo-java-driver-3.12.10.jar;C:\Users\EvilT\.m2\repository\mysql\mysql-connector-java\8.0.27\mysql-connector-java-8.0.27.jar;C:\Users\EvilT\.m2\repository\com\google\protobuf\protobuf-java\3.11.4\protobuf-java-3.11.4.jar;C:\Users\EvilT\.m2\repository\org\slf4j\slf4j-api\1.7.25\slf4j-api-1.7.25.jar;C:\Users\EvilT\.m2\repository\ch\qos\logback\logback-core\1.2.11\logback-core-1.2.11.jar;C:\Users\EvilT\.m2\repository\ch\qos\logback\logback-classic\1.2.11\logback-classic-1.2.11.jar;"/>
    <property name="java.vm.vendor" value="Oracle Corporation"/>
    <property name="sun.arch.data.model" value="64"/>
    <property name="user.variant" value=""/>
    <property name="java.vendor.url" value="https://openjdk.java.net/"/>
    <property name="user.timezone" value="America/New_York"/>
    <property name="java.vm.specification.version" value="11"/>
    <property name="os.name" value="Windows 11"/>
    <property name="sun.java.launcher" value="SUN_STANDARD"/>
    <property name="user.country" value="US"/>
    <property name="sun.boot.library.path" value="C:\Program Files\Java\jdk-11.0.15.1\bin"/>
    <property name="sun.java.command" value="C:\Users\EvilT\AppData\Local\Temp\surefire14038455777349896822\surefirebooter4521333381556927023.jar C:\Users\EvilT\AppData\Local\Temp\surefire14038455777349896822 2022-06-18T12-08-58_082-jvmRun1 surefire12694023601869625337tmp surefire_01323674960744344950tmp"/>
    <property name="jdk.debug" value="release"/>
    <property name="surefire.test.class.path" value="C:\Users\EvilT\IdeaProjects\FinalFrameworkProject\web-automation-framework-crip\target\test-classes;C:\Users\EvilT\IdeaProjects\FinalFrameworkProject\web-automation-framework-crip\target\classes;C:\Users\EvilT\.m2\repository\org\seleniumhq\selenium\selenium-server\4.0.0-alpha-2\selenium-server-4.0.0-alpha-2.jar;C:\Users\EvilT\.m2\repository\org\seleniumhq\selenium\grid\4.0.0-alpha-2\grid-4.0.0-alpha-2.jar;C:\Users\EvilT\.m2\repository\org\seleniumhq\selenium\selenium-edgehtml-driver\4.0.0-alpha-2\selenium-edgehtml-driver-4.0.0-alpha-2.jar;C:\Users\EvilT\.m2\repository\org\seleniumhq\selenium\jetty-repacked\9.4.12.v20180830.1\jetty-repacked-9.4.12.v20180830.1.jar;C:\Users\EvilT\.m2\repository\javax\servlet\javax.servlet-api\3.1.0\javax.servlet-api-3.1.0.jar;C:\Users\EvilT\.m2\repository\org\zeromq\jeromq\0.5.1\jeromq-0.5.1.jar;C:\Users\EvilT\.m2\repository\eu\neilalexander\jnacl\1.0.0\jnacl-1.0.0.jar;C:\Users\EvilT\.m2\repository\net\jcip\jcip-annotations\1.0\jcip-annotations-1.0.jar;C:\Users\EvilT\.m2\repository\org\yaml\snakeyaml\1.24\snakeyaml-1.24.jar;C:\Users\EvilT\.m2\repository\org\seleniumhq\selenium\selenium-java\4.1.4\selenium-java-4.1.4.jar;C:\Users\EvilT\.m2\repository\org\seleniumhq\selenium\selenium-api\4.1.4\selenium-api-4.1.4.jar;C:\Users\EvilT\.m2\repository\org\seleniumhq\selenium\selenium-chrome-driver\4.1.4\selenium-chrome-driver-4.1.4.jar;C:\Users\EvilT\.m2\repository\com\google\auto\service\auto-service-annotations\1.0.1\auto-service-annotations-1.0.1.jar;C:\Users\EvilT\.m2\repository\com\google\auto\service\auto-service\1.0.1\auto-service-1.0.1.jar;C:\Users\EvilT\.m2\repository\com\google\auto\auto-common\1.2\auto-common-1.2.jar;C:\Users\EvilT\.m2\repository\com\google\guava\guava\31.1-jre\guava-31.1-jre.jar;C:\Users\EvilT\.m2\repository\com\google\guava\failureaccess\1.0.1\failureaccess-1.0.1.jar;C:\Users\EvilT\.m2\repository\com\google\guava\listenablefuture\9999.0-empty-to-avoid-conflict-with-guava\listenablefuture-9999.0-empty-to-avoid-conflict-with-guava.jar;C:\Users\EvilT\.m2\repository\com\google\code\findbugs\jsr305\3.0.2\jsr305-3.0.2.jar;C:\Users\EvilT\.m2\repository\org\checkerframework\checker-qual\3.12.0\checker-qual-3.12.0.jar;C:\Users\EvilT\.m2\repository\com\google\errorprone\error_prone_annotations\2.11.0\error_prone_annotations-2.11.0.jar;C:\Users\EvilT\.m2\repository\com\google\j2objc\j2objc-annotations\1.3\j2objc-annotations-1.3.jar;C:\Users\EvilT\.m2\repository\org\seleniumhq\selenium\selenium-chromium-driver\4.1.4\selenium-chromium-driver-4.1.4.jar;C:\Users\EvilT\.m2\repository\org\seleniumhq\selenium\selenium-json\4.1.4\selenium-json-4.1.4.jar;C:\Users\EvilT\.m2\repository\org\seleniumhq\selenium\selenium-devtools-v100\4.1.4\selenium-devtools-v100-4.1.4.jar;C:\Users\EvilT\.m2\repository\org\seleniumhq\selenium\selenium-devtools-v101\4.1.4\selenium-devtools-v101-4.1.4.jar;C:\Users\EvilT\.m2\repository\org\seleniumhq\selenium\selenium-devtools-v85\4.1.4\selenium-devtools-v85-4.1.4.jar;C:\Users\EvilT\.m2\repository\org\seleniumhq\selenium\selenium-devtools-v99\4.1.4\selenium-devtools-v99-4.1.4.jar;C:\Users\EvilT\.m2\repository\org\seleniumhq\selenium\selenium-edge-driver\4.1.4\selenium-edge-driver-4.1.4.jar;C:\Users\EvilT\.m2\repository\org\seleniumhq\selenium\selenium-firefox-driver\4.1.4\selenium-firefox-driver-4.1.4.jar;C:\Users\EvilT\.m2\repository\org\seleniumhq\selenium\selenium-ie-driver\4.1.4\selenium-ie-driver-4.1.4.jar;C:\Users\EvilT\.m2\repository\org\seleniumhq\selenium\selenium-opera-driver\4.1.4\selenium-opera-driver-4.1.4.jar;C:\Users\EvilT\.m2\repository\org\seleniumhq\selenium\selenium-remote-driver\4.1.4\selenium-remote-driver-4.1.4.jar;C:\Users\EvilT\.m2\repository\io\netty\netty-buffer\4.1.76.Final\netty-buffer-4.1.76.Final.jar;C:\Users\EvilT\.m2\repository\io\netty\netty-codec-http\4.1.76.Final\netty-codec-http-4.1.76.Final.jar;C:\Users\EvilT\.m2\repository\io\netty\netty-codec\4.1.76.Final\netty-codec-4.1.76.Final.jar;C:\Users\EvilT\.m2\repository\io\netty\netty-handler\4.1.76.Final\netty-handler-4.1.76.Final.jar;C:\Users\EvilT\.m2\repository\io\netty\netty-common\4.1.76.Final\netty-common-4.1.76.Final.jar;C:\Users\EvilT\.m2\repository\io\netty\netty-transport-classes-epoll\4.1.76.Final\netty-transport-classes-epoll-4.1.76.Final.jar;C:\Users\EvilT\.m2\repository\io\netty\netty-transport-classes-kqueue\4.1.76.Final\netty-transport-classes-kqueue-4.1.76.Final.jar;C:\Users\EvilT\.m2\repository\io\netty\netty-transport-native-epoll\4.1.76.Final\netty-transport-native-epoll-4.1.76.Final.jar;C:\Users\EvilT\.m2\repository\io\netty\netty-transport-native-kqueue\4.1.76.Final\netty-transport-native-kqueue-4.1.76.Final.jar;C:\Users\EvilT\.m2\repository\io\netty\netty-transport-native-unix-common\4.1.76.Final\netty-transport-native-unix-common-4.1.76.Final.jar;C:\Users\EvilT\.m2\repository\io\netty\netty-transport\4.1.76.Final\netty-transport-4.1.76.Final.jar;C:\Users\EvilT\.m2\repository\io\netty\netty-resolver\4.1.76.Final\netty-resolver-4.1.76.Final.jar;C:\Users\EvilT\.m2\repository\io\opentelemetry\opentelemetry-api\1.13.0\opentelemetry-api-1.13.0.jar;C:\Users\EvilT\.m2\repository\io\opentelemetry\opentelemetry-context\1.13.0\opentelemetry-context-1.13.0.jar;C:\Users\EvilT\.m2\repository\io\opentelemetry\opentelemetry-exporter-logging\1.13.0\opentelemetry-exporter-logging-1.13.0.jar;C:\Users\EvilT\.m2\repository\io\opentelemetry\opentelemetry-sdk-metrics\1.13.0-alpha\opentelemetry-sdk-metrics-1.13.0-alpha.jar;C:\Users\EvilT\.m2\repository\io\opentelemetry\opentelemetry-sdk-logs\1.13.0-alpha\opentelemetry-sdk-logs-1.13.0-alpha.jar;C:\Users\EvilT\.m2\repository\io\opentelemetry\opentelemetry-sdk-common\1.13.0\opentelemetry-sdk-common-1.13.0.jar;C:\Users\EvilT\.m2\repository\io\opentelemetry\opentelemetry-sdk-extension-autoconfigure-spi\1.13.0\opentelemetry-sdk-extension-autoconfigure-spi-1.13.0.jar;C:\Users\EvilT\.m2\repository\io\opentelemetry\opentelemetry-sdk-extension-autoconfigure\1.13.0-alpha\opentelemetry-sdk-extension-autoconfigure-1.13.0-alpha.jar;C:\Users\EvilT\.m2\repository\io\opentelemetry\opentelemetry-sdk-trace\1.13.0\opentelemetry-sdk-trace-1.13.0.jar;C:\Users\EvilT\.m2\repository\io\opentelemetry\opentelemetry-sdk\1.13.0\opentelemetry-sdk-1.13.0.jar;C:\Users\EvilT\.m2\repository\io\opentelemetry\opentelemetry-semconv\1.13.0-alpha\opentelemetry-semconv-1.13.0-alpha.jar;C:\Users\EvilT\.m2\repository\io\ous\jtoml\2.0.0\jtoml-2.0.0.jar;C:\Users\EvilT\.m2\repository\net\bytebuddy\byte-buddy\1.12.9\byte-buddy-1.12.9.jar;C:\Users\EvilT\.m2\repository\org\apache\commons\commons-exec\1.3\commons-exec-1.3.jar;C:\Users\EvilT\.m2\repository\org\asynchttpclient\async-http-client\2.12.3\async-http-client-2.12.3.jar;C:\Users\EvilT\.m2\repository\org\asynchttpclient\async-http-client-netty-utils\2.12.3\async-http-client-netty-utils-2.12.3.jar;C:\Users\EvilT\.m2\repository\io\netty\netty-codec-socks\4.1.60.Final\netty-codec-socks-4.1.60.Final.jar;C:\Users\EvilT\.m2\repository\io\netty\netty-handler-proxy\4.1.60.Final\netty-handler-proxy-4.1.60.Final.jar;C:\Users\EvilT\.m2\repository\io\netty\netty-transport-native-epoll\4.1.60.Final\netty-transport-native-epoll-4.1.60.Final-linux-x86_64.jar;C:\Users\EvilT\.m2\repository\io\netty\netty-transport-native-kqueue\4.1.60.Final\netty-transport-native-kqueue-4.1.60.Final-osx-x86_64.jar;C:\Users\EvilT\.m2\repository\org\reactivestreams\reactive-streams\1.0.3\reactive-streams-1.0.3.jar;C:\Users\EvilT\.m2\repository\com\typesafe\netty\netty-reactive-streams\2.0.4\netty-reactive-streams-2.0.4.jar;C:\Users\EvilT\.m2\repository\com\sun\activation\jakarta.activation\1.2.2\jakarta.activation-1.2.2.jar;C:\Users\EvilT\.m2\repository\org\seleniumhq\selenium\selenium-http\4.1.4\selenium-http-4.1.4.jar;C:\Users\EvilT\.m2\repository\dev\failsafe\failsafe\3.2.3\failsafe-3.2.3.jar;C:\Users\EvilT\.m2\repository\org\seleniumhq\selenium\selenium-safari-driver\4.1.4\selenium-safari-driver-4.1.4.jar;C:\Users\EvilT\.m2\repository\org\seleniumhq\selenium\selenium-support\4.1.4\selenium-support-4.1.4.jar;C:\Users\EvilT\.m2\repository\org\testng\testng\6.14.3\testng-6.14.3.jar;C:\Users\EvilT\.m2\repository\com\beust\jcommander\1.72\jcommander-1.72.jar;C:\Users\EvilT\.m2\repository\org\apache-extras\beanshell\bsh\2.0b6\bsh-2.0b6.jar;C:\Users\EvilT\.m2\repository\org\jsoup\jsoup\1.14.3\jsoup-1.14.3.jar;C:\Users\EvilT\.m2\repository\org\apache\poi\poi-ooxml\3.7\poi-ooxml-3.7.jar;C:\Users\EvilT\.m2\repository\org\apache\poi\poi\3.7\poi-3.7.jar;C:\Users\EvilT\.m2\repository\org\apache\poi\poi-ooxml-schemas\3.7\poi-ooxml-schemas-3.7.jar;C:\Users\EvilT\.m2\repository\org\apache\xmlbeans\xmlbeans\2.3.0\xmlbeans-2.3.0.jar;C:\Users\EvilT\.m2\repository\stax\stax-api\1.0.1\stax-api-1.0.1.jar;C:\Users\EvilT\.m2\repository\org\apache\geronimo\specs\geronimo-stax-api_1.0_spec\1.0\geronimo-stax-api_1.0_spec-1.0.jar;C:\Users\EvilT\.m2\repository\dom4j\dom4j\1.6.1\dom4j-1.6.1.jar;C:\Users\EvilT\.m2\repository\xml-apis\xml-apis\1.0.b2\xml-apis-1.0.b2.jar;C:\Users\EvilT\.m2\repository\com\relevantcodes\extentreports\2.41.2\extentreports-2.41.2.jar;C:\Users\EvilT\.m2\repository\org\xerial\sqlite-jdbc\3.8.11.1\sqlite-jdbc-3.8.11.1.jar;C:\Users\EvilT\.m2\repository\org\freemarker\freemarker\2.3.23\freemarker-2.3.23.jar;C:\Users\EvilT\.m2\repository\org\mongodb\mongodb-driver\3.0.4\mongodb-driver-3.0.4.jar;C:\Users\EvilT\.m2\repository\org\mongodb\bson\3.0.4\bson-3.0.4.jar;C:\Users\EvilT\.m2\repository\org\mongodb\mongodb-driver-core\3.0.4\mongodb-driver-core-3.0.4.jar;C:\Users\EvilT\.m2\repository\com\aventstack\extentreports\3.1.5\extentreports-3.1.5.jar;C:\Users\EvilT\.m2\repository\org\apache\httpcomponents\httpclient\4.5.2\httpclient-4.5.2.jar;C:\Users\EvilT\.m2\repository\org\apache\httpcomponents\httpcore\4.4.4\httpcore-4.4.4.jar;C:\Users\EvilT\.m2\repository\commons-logging\commons-logging\1.2\commons-logging-1.2.jar;C:\Users\EvilT\.m2\repository\commons-codec\commons-codec\1.9\commons-codec-1.9.jar;C:\Users\EvilT\.m2\repository\org\apache\httpcomponents\httpmime\4.5.2\httpmime-4.5.2.jar;C:\Users\EvilT\.m2\repository\com\google\code\gson\gson\2.8.0\gson-2.8.0.jar;C:\Users\EvilT\.m2\repository\commons-io\commons-io\2.5\commons-io-2.5.jar;C:\Users\EvilT\.m2\repository\org\apache\commons\commons-lang3\3.7\commons-lang3-3.7.jar;C:\Users\EvilT\.m2\repository\io\rest-assured\rest-assured\4.4.0\rest-assured-4.4.0.jar;C:\Users\EvilT\.m2\repository\org\codehaus\groovy\groovy\3.0.8\groovy-3.0.8.jar;C:\Users\EvilT\.m2\repository\org\codehaus\groovy\groovy-xml\3.0.8\groovy-xml-3.0.8.jar;C:\Users\EvilT\.m2\repository\org\hamcrest\hamcrest\2.1\hamcrest-2.1.jar;C:\Users\EvilT\.m2\repository\org\ccil\cowan\tagsoup\tagsoup\1.2.1\tagsoup-1.2.1.jar;C:\Users\EvilT\.m2\repository\io\rest-assured\json-path\4.4.0\json-path-4.4.0.jar;C:\Users\EvilT\.m2\repository\org\codehaus\groovy\groovy-json\3.0.8\groovy-json-3.0.8.jar;C:\Users\EvilT\.m2\repository\io\rest-assured\rest-assured-common\4.4.0\rest-assured-common-4.4.0.jar;C:\Users\EvilT\.m2\repository\io\rest-assured\xml-path\4.4.0\xml-path-4.4.0.jar;C:\Users\EvilT\.m2\repository\jakarta\xml\bind\jakarta.xml.bind-api\2.3.3\jakarta.xml.bind-api-2.3.3.jar;C:\Users\EvilT\.m2\repository\jakarta\activation\jakarta.activation-api\1.2.2\jakarta.activation-api-1.2.2.jar;C:\Users\EvilT\.m2\repository\com\sun\xml\bind\jaxb-impl\2.3.3\jaxb-impl-2.3.3.jar;C:\Users\EvilT\.m2\repository\org\mongodb\mongo-java-driver\3.12.10\mongo-java-driver-3.12.10.jar;C:\Users\EvilT\.m2\repository\mysql\mysql-connector-java\8.0.27\mysql-connector-java-8.0.27.jar;C:\Users\EvilT\.m2\repository\com\google\protobuf\protobuf-java\3.11.4\protobuf-java-3.11.4.jar;C:\Users\EvilT\.m2\repository\org\slf4j\slf4j-api\1.7.25\slf4j-api-1.7.25.jar;C:\Users\EvilT\.m2\repository\ch\qos\logback\logback-core\1.2.11\logback-core-1.2.11.jar;C:\Users\EvilT\.m2\repository\ch\qos\logback\logback-classic\1.2.11\logback-classic-1.2.11.jar;"/>
    <property name="sun.cpu.endian" value="little"/>
    <property name="user.home" value="C:\Users\EvilT"/>
    <property name="user.language" value="en"/>
    <property name="java.specification.vendor" value="Oracle Corporation"/>
    <property name="java.version.date" value="2022-04-22"/>
    <property name="java.home" value="C:\Program Files\Java\jdk-11.0.15.1"/>
    <property name="file.separator" value="\"/>
    <property name="basedir" value="C:\Users\EvilT\IdeaProjects\FinalFrameworkProject\web-automation-framework-crip"/>
    <property name="java.vm.compressedOopsMode" value="Zero based"/>
    <property name="line.separator" value="&#10;"/>
    <property name="java.specification.name" value="Java Platform API Specification"/>
    <property name="java.vm.specification.vendor" value="Oracle Corporation"/>
    <property name="java.awt.graphicsenv" value="sun.awt.Win32GraphicsEnvironment"/>
    <property name="surefire.real.class.path" value="C:\Users\EvilT\AppData\Local\Temp\surefire14038455777349896822\surefirebooter4521333381556927023.jar"/>
    <property name="user.script" value=""/>
    <property name="sun.management.compiler" value="HotSpot 64-Bit Tiered Compilers"/>
    <property name="java.runtime.version" value="11.0.15.1+2-LTS-10"/>
    <property name="user.name" value="EvilT"/>
    <property name="path.separator" value=";"/>
    <property name="os.version" value="10.0"/>
    <property name="java.runtime.name" value="Java(TM) SE Runtime Environment"/>
    <property name="file.encoding" value="Cp1252"/>
    <property name="java.vm.name" value="Java HotSpot(TM) 64-Bit Server VM"/>
    <property name="java.vendor.version" value="18.9"/>
    <property name="localRepository" value="C:\Users\EvilT\.m2\repository"/>
    <property name="java.vendor.url.bug" value="https://bugreport.java.com/bugreport/"/>
    <property name="java.io.tmpdir" value="C:\Users\EvilT\AppData\Local\Temp\"/>
    <property name="idea.version" value="2022.1"/>
    <property name="java.version" value="11.0.15.1"/>
    <property name="user.dir" value="C:\Users\EvilT\IdeaProjects\FinalFrameworkProject\web-automation-framework-crip"/>
    <property name="os.arch" value="amd64"/>
    <property name="java.vm.specification.name" value="Java Virtual Machine Specification"/>
    <property name="java.awt.printerjob" value="sun.awt.windows.WPrinterJob"/>
    <property name="sun.os.patch.level" value=""/>
    <property name="java.library.path" value="C:\Program Files\Java\jdk-11.0.15.1\bin;C:\Windows\Sun\Java\bin;C:\Windows\system32;C:\Windows;C:\Program Files\Java\jdk-11.0.15.1\bin;C:\Program Files\Git\cmd;C:\Program Files\dotnet\;C:\Program Files\apache-maven-3.8.6\bin;C:\Windows\System32\;C:\Program Files\MySQL\MySQL Server 8.0\bin;."/>
    <property name="java.vendor" value="Oracle Corporation"/>
    <property name="java.vm.info" value="mixed mode"/>
    <property name="java.vm.version" value="11.0.15.1+2-LTS-10"/>
    <property name="sun.io.unicode.encoding" value="UnicodeLittle"/>
    <property name="java.class.version" value="55.0"/>
  </properties>
  <testcase name="addBackPackToCartTest" classname="saucedemotests.AddItemsToCart" time="1.265"/>
  <testcase name="addBikeLightToCartTest" classname="saucedemotests.AddItemsToCart" time="1.023"/>
  <testcase name="addBoltShirtToCartTest" classname="saucedemotests.AddItemsToCart" time="1.089"/>
  <testcase name="addFleeceJacketToCartTest" classname="saucedemotests.AddItemsToCart" time="0.95"/>
  <testcase name="addMultipleItemsToCartTest" classname="saucedemotests.AddItemsToCart" time="1.762"/>
  <testcase name="addOnesieToCartTest" classname="saucedemotests.AddItemsToCart" time="1.005"/>
  <testcase name="addRedShirtToCartTest" classname="saucedemotests.AddItemsToCart" time="1.299"/>
  <testcase name="mulipleItemsCheckOutTest" classname="saucedemotests.CheckOut" time="2.153"/>
  <testcase name="singleItemCheckOutTest" classname="saucedemotests.CheckOut" time="2.313"/>
  <testcase name="clickTryItFreeTest" classname="saucedemotests.HyperLink" time="11.481"/>
  <testcase name="dragDownAtoZTest" classname="saucedemotests.DropDown" time="1.087"/>
  <testcase name="dragDownHightoLowTest" classname="saucedemotests.DropDown" time="1.029"/>
  <testcase name="dragDownLowtoHighTest" classname="saucedemotests.DropDown" time="1.09"/>
  <testcase name="dragDownZtoATest" classname="saucedemotests.DropDown" time="1.136"/>
  <testcase name="hoverOverCompanyTest" classname="saucedemotests.HoverOver" time="8.808"/>
  <testcase name="hoverOverCrossBrowserTestingAndClickTest" classname="saucedemotests.HoverOver" time="11.154"/>
  <testcase name="hoverOverLowCodeTestingAndClickTest" classname="saucedemotests.HoverOver" time="11.166"/>
  <testcase name="hoverOverMobileTestingTest" classname="saucedemotests.HoverOver" time="11.5"/>
  <testcase name="hoverOverPlatformTest" classname="saucedemotests.HoverOver" time="9.371"/>
  <testcase name="hoverOverPricingTest" classname="saucedemotests.HoverOver" time="11.459"/>
  <testcase name="hoverOverResourcesTest" classname="saucedemotests.HoverOver" time="8.07"/>
  <testcase name="hoverOverSolutionsTest" classname="saucedemotests.HoverOver" time="7.353"/>
  <testcase name="facebookIconTest" classname="saucedemotests.Icons" time="6.03"/>
  <testcase name="linkedInIconTest" classname="saucedemotests.Icons" time="6.207"/>
  <testcase name="twitterIconTest" classname="saucedemotests.Icons" time="6.152"/>
  <testcase name="invalidLoginWithPerformanceGlitchUserTest" classname="saucedemotests.Login" time="0.84"/>
  <testcase name="invalidLoginWithProblemUserTest" classname="saucedemotests.Login" time="0.685"/>
  <testcase name="invalidLoginWithStandardUserTest" classname="saucedemotests.Login" time="0.713"/>
  <testcase name="lockedOutUserLoginTest" classname="saucedemotests.Login" time="0.832"/>
  <testcase name="performanceGlitchUserLoginTest" classname="saucedemotests.Login" time="6.293"/>
  <testcase name="problemUserLoginTest" classname="saucedemotests.Login" time="0.895"/>
  <testcase name="standardUserLoginTest" classname="saucedemotests.Login" time="1.063"/>
  <testcase name="validateLoginButtonTest" classname="saucedemotests.Login" time="0.127"/>
  <testcase name="validateLoginButtonWithNoCredentialsTest" classname="saucedemotests.Login" time="0.329"/>
  <testcase name="menuBarAboutTest" classname="saucedemotests.MenuBar" time="3.758"/>
  <testcase name="menuBarAllItemsTest" classname="saucedemotests.MenuBar" time="1.816"/>
  <testcase name="menuBarLogoutTest" classname="saucedemotests.MenuBar" time="1.606"/>
  <testcase name="resetAddToCartTest" classname="saucedemotests.ResetAddToCart" time="12.371"/>
  <testcase name="resetMultipleItemsAddToCartTest" classname="saucedemotests.ResetAddToCart" time="12.525"/>
  <testcase name="searchAndRedirectBackToHomeTest" classname="saucedemotests.SearchBar" time="35.367">
    <failure message="element not interactable&#10;  (Session info: chrome=102.0.5005.115)&#10;Build info: version: &apos;4.1.4&apos;, revision: &apos;535d840ee2&apos;&#10;System info: host: &apos;DESKTOP-DNJOJAA&apos;, ip: &apos;10.11.64.24&apos;, os.name: &apos;Windows 11&apos;, os.arch: &apos;amd64&apos;, os.version: &apos;10.0&apos;, java.version: &apos;11.0.15.1&apos;&#10;Driver info: org.openqa.selenium.chrome.ChromeDriver&#10;Command: [8cd599cb724e260b8ae4b8839ce9994d, sendKeysToElement {id=9b590f6e-affe-461c-ad9d-d9d96a3c0faa, value=[Ljava.lang.CharSequence;@44cab872}]&#10;Capabilities {acceptInsecureCerts: false, browserName: chrome, browserVersion: 102.0.5005.115, chrome: {chromedriverVersion: 102.0.5005.61 (0e59bcc00cc4..., userDataDir: C:\Users\EvilT\AppData\Loca...}, goog:chromeOptions: {debuggerAddress: localhost:54234}, javascriptEnabled: true, networkConnectionEnabled: false, pageLoadStrategy: normal, platform: WINDOWS, platformName: WINDOWS, proxy: Proxy(), se:cdp: ws://localhost:54234/devtoo..., se:cdpVersion: 102.0.5005.115, setWindowRect: true, strictFileInteractability: false, timeouts: {implicit: 0, pageLoad: 300000, script: 30000}, unhandledPromptBehavior: dismiss and notify, webauthn:extension:credBlob: true, webauthn:extension:largeBlob: true, webauthn:virtualAuthenticators: true}&#10;Element: [[ChromeDriver: chrome on WINDOWS (8cd599cb724e260b8ae4b8839ce9994d)] -&gt; xpath: //header/div[1]/nav[1]/ul[1]/li[3]/ul[1]/li[4]/form[1]/div[1]/input[1]]&#10;Session ID: 8cd599cb724e260b8ae4b8839ce9994d" type="org.openqa.selenium.ElementNotInteractableException">org.openqa.selenium.ElementNotInteractableException: 
element not interactable
  (Session info: chrome=102.0.5005.115)
Build info: version: '4.1.4', revision: '535d840ee2'
System info: host: 'DESKTOP-DNJOJAA', ip: '10.11.64.24', os.name: 'Windows 11', os.arch: 'amd64', os.version: '10.0', java.version: '11.0.15.1'
Driver info: org.openqa.selenium.chrome.ChromeDriver
Command: [8cd599cb724e260b8ae4b8839ce9994d, sendKeysToElement {id=9b590f6e-affe-461c-ad9d-d9d96a3c0faa, value=[Ljava.lang.CharSequence;@44cab872}]
Capabilities {acceptInsecureCerts: false, browserName: chrome, browserVersion: 102.0.5005.115, chrome: {chromedriverVersion: 102.0.5005.61 (0e59bcc00cc4..., userDataDir: C:\Users\EvilT\AppData\Loca...}, goog:chromeOptions: {debuggerAddress: localhost:54234}, javascriptEnabled: true, networkConnectionEnabled: false, pageLoadStrategy: normal, platform: WINDOWS, platformName: WINDOWS, proxy: Proxy(), se:cdp: ws://localhost:54234/devtoo..., se:cdpVersion: 102.0.5005.115, setWindowRect: true, strictFileInteractability: false, timeouts: {implicit: 0, pageLoad: 300000, script: 30000}, unhandledPromptBehavior: dismiss and notify, webauthn:extension:credBlob: true, webauthn:extension:largeBlob: true, webauthn:virtualAuthenticators: true}
Element: [[ChromeDriver: chrome on WINDOWS (8cd599cb724e260b8ae4b8839ce9994d)] -> xpath: //header/div[1]/nav[1]/ul[1]/li[3]/ul[1]/li[4]/form[1]/div[1]/input[1]]
Session ID: 8cd599cb724e260b8ae4b8839ce9994d
	at saucedemotests.SearchBar.searchAndRedirectBackToHomeTest(SearchBar.java:90)
</failure>
    <system-out><![CDATA[12:14:39.266 [main] INFO  saucedemotests.SearchBar - UserName entered
12:14:39.538 [main] INFO  saucedemotests.SearchBar - Password entered
12:14:44.862 [main] INFO  saucedemotests.SearchBar - Login successful
12:14:45.108 [main] INFO  saucedemotests.SearchBar - Menu Bar click successful
12:14:47.001 [main] INFO  saucedemotests.SearchBar - About Side Bar click successful
12:14:47.088 [main] INFO  saucedemotests.SearchBar - Redirected to https://saucelabs.com/
12:14:48.629 [main] INFO  saucedemotests.SearchBar - Search button click successful
]]></system-out>
    <system-err><![CDATA[Starting ChromeDriver 102.0.5005.61 (0e59bcc00cc4985ce39ad31c150065f159d95ad3-refs/branch-heads/5005@{#819}) on port 52179
Only local connections are allowed.
Please see https://chromedriver.chromium.org/security-considerations for suggestions on keeping ChromeDriver safe.
ChromeDriver was started successfully.
Jun 18, 2022 12:14:37 PM org.openqa.selenium.remote.ProtocolHandshake createSession
INFO: Detected dialect: W3C
Jun 18, 2022 12:14:37 PM org.openqa.selenium.devtools.CdpVersionFinder findNearestMatch
WARNING: Unable to find an exact match for CDP version 102, so returning the closest version found: 101
Jun 18, 2022 12:14:37 PM org.openqa.selenium.devtools.CdpVersionFinder findNearestMatch
INFO: Found CDP implementation for version 102 of 101
]]></system-err>
  </testcase>
  <testcase name="searchDogsTest" classname="saucedemotests.SearchBar" time="35.487">
    <failure message="element not interactable&#10;  (Session info: chrome=102.0.5005.115)&#10;Build info: version: &apos;4.1.4&apos;, revision: &apos;535d840ee2&apos;&#10;System info: host: &apos;DESKTOP-DNJOJAA&apos;, ip: &apos;10.11.64.24&apos;, os.name: &apos;Windows 11&apos;, os.arch: &apos;amd64&apos;, os.version: &apos;10.0&apos;, java.version: &apos;11.0.15.1&apos;&#10;Driver info: org.openqa.selenium.chrome.ChromeDriver&#10;Command: [3942f52e81b05bcc8b088086ede2ea28, sendKeysToElement {id=6309412b-9c7f-4428-ac7b-3f0140dbee61, value=[Ljava.lang.CharSequence;@7325b786}]&#10;Capabilities {acceptInsecureCerts: false, browserName: chrome, browserVersion: 102.0.5005.115, chrome: {chromedriverVersion: 102.0.5005.61 (0e59bcc00cc4..., userDataDir: C:\Users\EvilT\AppData\Loca...}, goog:chromeOptions: {debuggerAddress: localhost:54436}, javascriptEnabled: true, networkConnectionEnabled: false, pageLoadStrategy: normal, platform: WINDOWS, platformName: WINDOWS, proxy: Proxy(), se:cdp: ws://localhost:54436/devtoo..., se:cdpVersion: 102.0.5005.115, setWindowRect: true, strictFileInteractability: false, timeouts: {implicit: 0, pageLoad: 300000, script: 30000}, unhandledPromptBehavior: dismiss and notify, webauthn:extension:credBlob: true, webauthn:extension:largeBlob: true, webauthn:virtualAuthenticators: true}&#10;Element: [[ChromeDriver: chrome on WINDOWS (3942f52e81b05bcc8b088086ede2ea28)] -&gt; xpath: //header/div[1]/nav[1]/ul[1]/li[3]/ul[1]/li[4]/form[1]/div[1]/input[1]]&#10;Session ID: 3942f52e81b05bcc8b088086ede2ea28" type="org.openqa.selenium.ElementNotInteractableException">org.openqa.selenium.ElementNotInteractableException: 
element not interactable
  (Session info: chrome=102.0.5005.115)
Build info: version: '4.1.4', revision: '535d840ee2'
System info: host: 'DESKTOP-DNJOJAA', ip: '10.11.64.24', os.name: 'Windows 11', os.arch: 'amd64', os.version: '10.0', java.version: '11.0.15.1'
Driver info: org.openqa.selenium.chrome.ChromeDriver
Command: [3942f52e81b05bcc8b088086ede2ea28, sendKeysToElement {id=6309412b-9c7f-4428-ac7b-3f0140dbee61, value=[Ljava.lang.CharSequence;@7325b786}]
Capabilities {acceptInsecureCerts: false, browserName: chrome, browserVersion: 102.0.5005.115, chrome: {chromedriverVersion: 102.0.5005.61 (0e59bcc00cc4..., userDataDir: C:\Users\EvilT\AppData\Loca...}, goog:chromeOptions: {debuggerAddress: localhost:54436}, javascriptEnabled: true, networkConnectionEnabled: false, pageLoadStrategy: normal, platform: WINDOWS, platformName: WINDOWS, proxy: Proxy(), se:cdp: ws://localhost:54436/devtoo..., se:cdpVersion: 102.0.5005.115, setWindowRect: true, strictFileInteractability: false, timeouts: {implicit: 0, pageLoad: 300000, script: 30000}, unhandledPromptBehavior: dismiss and notify, webauthn:extension:credBlob: true, webauthn:extension:largeBlob: true, webauthn:virtualAuthenticators: true}
Element: [[ChromeDriver: chrome on WINDOWS (3942f52e81b05bcc8b088086ede2ea28)] -> xpath: //header/div[1]/nav[1]/ul[1]/li[3]/ul[1]/li[4]/form[1]/div[1]/input[1]]
Session ID: 3942f52e81b05bcc8b088086ede2ea28
	at saucedemotests.SearchBar.searchDogsTest(SearchBar.java:36)
</failure>
    <system-out><![CDATA[12:15:20.167 [main] INFO  saucedemotests.SearchBar - UserName entered
12:15:20.454 [main] INFO  saucedemotests.SearchBar - Password entered
12:15:25.786 [main] INFO  saucedemotests.SearchBar - Login successful
12:15:25.934 [main] INFO  saucedemotests.SearchBar - Menu Bar click successful
12:15:27.903 [main] INFO  saucedemotests.SearchBar - About Side Bar click successful
12:15:28.005 [main] INFO  saucedemotests.SearchBar - Redirected to https://saucelabs.com/
12:15:29.569 [main] INFO  saucedemotests.SearchBar - Search button click successful
]]></system-out>
    <system-err><![CDATA[Starting ChromeDriver 102.0.5005.61 (0e59bcc00cc4985ce39ad31c150065f159d95ad3-refs/branch-heads/5005@{#819}) on port 65178
Only local connections are allowed.
Please see https://chromedriver.chromium.org/security-considerations for suggestions on keeping ChromeDriver safe.
ChromeDriver was started successfully.
Jun 18, 2022 12:15:18 PM org.openqa.selenium.remote.ProtocolHandshake createSession
INFO: Detected dialect: W3C
Jun 18, 2022 12:15:18 PM org.openqa.selenium.devtools.CdpVersionFinder findNearestMatch
WARNING: Unable to find an exact match for CDP version 102, so returning the closest version found: 101
Jun 18, 2022 12:15:18 PM org.openqa.selenium.devtools.CdpVersionFinder findNearestMatch
INFO: Found CDP implementation for version 102 of 101
]]></system-err>
  </testcase>
  <testcase name="CustomerDropDownOptionsVisibilityTest" classname="globalsqatests.CustomerDropDown" time="0.685"/>
  <testcase name="deleteCustomerTest" classname="globalsqatests.DeleteButton" time="0.904"/>
  <testcase name="resetButtonTest" classname="globalsqatests.ResetButton" time="1.768"/>
  <testcase name="harryPotterBackButtonTest" classname="globalsqatests.BackButton" time="1.488"/>
  <testcase name="hermoineGrangerBackButtonTest" classname="globalsqatests.BackButton" time="1.696"/>
  <testcase name="nevilleLongbottomBackButtonTest" classname="globalsqatests.BackButton" time="1.482"/>
  <testcase name="ronWeaslyButtonTest" classname="globalsqatests.BackButton" time="1.672"/>
  <testcase name="selectAccountNumberTest" classname="globalsqatests.AccountNumberDropDown" time="1.275"/>
  <testcase name="selectMultipleAccountNumbersTest" classname="globalsqatests.AccountNumberDropDown" time="1.795"/>
  <testcase name="transactionsButton" classname="globalsqatests.TransactionsButton" time="1.543"/>
  <testcase name="searchHarryPotterTest" classname="globalsqatests.SearchCustomer" time="1.311"/>
  <testcase name="searchHermoineGrangerTest" classname="globalsqatests.SearchCustomer" time="1.053"/>
  <testcase name="searchNevilleLongbottomTest" classname="globalsqatests.SearchCustomer" time="1.015"/>
  <testcase name="addCustomerFaieqLaskarTest" classname="globalsqatests.AddCustomer" time="1.553"/>
  <testcase name="addCustomerJohnDoeTest" classname="globalsqatests.AddCustomer" time="1.498"/>
  <testcase name="addCustomerPollakRahmanTest" classname="globalsqatests.AddCustomer" time="1.555"/>
  <testcase name="addMultipleCustomerTest" classname="globalsqatests.AddCustomer" time="1.855"/>
  <testcase name="withdrawFunctionTest" classname="globalsqatests.Withdraw" time="1.622"/>
  <testcase name="withdrawNegativeTest" classname="globalsqatests.Withdraw" time="1.711"/>
  <testcase name="depositAmount1000Test" classname="globalsqatests.Deposit" time="1.632"/>
  <testcase name="depositAmount30000Test" classname="globalsqatests.Deposit" time="1.579"/>
  <testcase name="depositAmount5Test" classname="globalsqatests.Deposit" time="1.676"/>
  <testcase name="depositFunctionTest" classname="globalsqatests.Deposit" time="1.488"/>
  <testcase name="openDollarAccountTest" classname="globalsqatests.OpenAccount" time="1.245"/>
  <testcase name="openPoundAccountTest" classname="globalsqatests.OpenAccount" time="1.28"/>
  <testcase name="openRupeeAccountTest" classname="globalsqatests.OpenAccount" time="1.249"/>
  <testcase name="albusDumbledoreLoginTest" classname="globalsqatests.UserLogin" time="0.974"/>
  <testcase name="harryPotterLoginTest" classname="globalsqatests.UserLogin" time="1.147"/>
  <testcase name="hermoineGrangerLoginTest" classname="globalsqatests.UserLogin" time="1.053"/>
  <testcase name="ronWeaslyLoginTest" classname="globalsqatests.UserLogin" time="1.082"/>
  <testcase name="albusDumbledoreLogoutTest" classname="globalsqatests.Logout" time="7.116"/>
  <testcase name="harryPotterLogoutTest" classname="globalsqatests.Logout" time="6.981"/>
  <testcase name="hermoineGrangerLogoutTest" classname="globalsqatests.Logout" time="6.905"/>
  <testcase name="nevilleLongbottomLogoutTest" classname="globalsqatests.Logout" time="6.937"/>
  <testcase name="ronWeaslyLogoutTest" classname="globalsqatests.Logout" time="7.154"/>
  <testcase name="bankManagerHomeButtonTest" classname="globalsqatests.HomeButton" time="0.861"/>
  <testcase name="customerHomeButtonTest" classname="globalsqatests.HomeButton" time="1.066"/>
  <testcase name="customerLoginButtonTest" classname="globalsqatests.CustomerLoginButton" time="3.326"/>
  <testcase name="bankManagerLoginButtonTest" classname="globalsqatests.BankManagerLoginButton" time="3.357"/>
</testsuite>