<?xml version="1.0" encoding="UTF-8"?>
<!-- Generated by org.testng.reporters.JUnitReportReporter -->
<testsuite hostname="DESKTOP-DNJOJAA" failures="0" tests="1" name="globalsqatests.AddCustomer" time="13.480" errors="0" timestamp="16 Jun 2022 07:29:19 GMT" skipped="0">
  <testcase classname="globalsqatests.AddCustomer" name="addCustomerTest" time="13.480"/>
</testsuite> <!-- globalsqatests.AddCustomer -->
