<?xml version="1.0" encoding="UTF-8"?>
<!-- Generated by org.testng.reporters.JUnitReportReporter -->
<testsuite hostname="LAPTOP-QHF3NO6C" failures="0" tests="21" name="uitaptests.PageButtons" time="53.852" errors="0" timestamp="24 Jun 2022 05:10:22 GMT" skipped="0">
  <testcase classname="uitaptests.PageButtons" name="ClickableRemovedButton" time="2.186"/>
  <testcase classname="uitaptests.PageButtons" name="DynamicIDButtonClick" time="2.283"/>
  <testcase classname="uitaptests.PageButtons" name="HidingButtonClick" time="2.282"/>
  <testcase classname="uitaptests.PageButtons" name="secondClickonButton" time="2.360"/>
  <testcase classname="uitaptests.PageButtons" name="HideFunction" time="2.613"/>
  <testcase classname="uitaptests.PageButtons" name="clickableOverlapButton" time="2.279"/>
  <testcase classname="uitaptests.PageButtons" name="greenButtonClickable" time="2.304"/>
  <testcase classname="uitaptests.PageButtons" name="clickableZeroWidthButton" time="2.246"/>
  <testcase classname="uitaptests.PageButtons" name="clickableVisibilHiddenButton" time="2.236"/>
  <testcase classname="uitaptests.PageButtons" name="textInputButton" time="2.387"/>
  <testcase classname="uitaptests.PageButtons" name="clickableOffScreenButton" time="2.280"/>
  <testcase classname="uitaptests.PageButtons" name="verifyDOMButton" time="2.334"/>
  <testcase classname="uitaptests.PageButtons" name="verifyStopButton" time="2.357"/>
  <testcase classname="uitaptests.PageButtons" name="multipleButtonChanges" time="2.554"/>
  <testcase classname="uitaptests.PageButtons" name="yellowButtonClickable" time="2.304"/>
  <testcase classname="uitaptests.PageButtons" name="clickableTransparentButton" time="2.270"/>
  <testcase classname="uitaptests.PageButtons" name="buttonAfterDelay" time="7.307"/>
  <testcase classname="uitaptests.PageButtons" name="verifyMyButton" time="2.297"/>
  <testcase classname="uitaptests.PageButtons" name="textBoxClickable" time="2.334"/>
  <testcase classname="uitaptests.PageButtons" name="clickableDisplayNoneButton" time="2.236"/>
  <testcase classname="uitaptests.PageButtons" name="verifyStartButton" time="2.403"/>
</testsuite> <!-- uitaptests.PageButtons -->
