<?xml version="1.0" encoding="UTF-8"?>
<!-- Generated by org.testng.reporters.JUnitReportReporter -->
<testsuite hostname="DESKTOP-DNJOJAA" failures="0" tests="4" name="globalsqatests.OpenAccount" time="15.230" errors="0" timestamp="19 Jun 2022 21:14:34 GMT" skipped="0">
  <testcase classname="globalsqatests.OpenAccount" name="openMultipleAccountsTest" time="4.075"/>
  <testcase classname="globalsqatests.OpenAccount" name="openRupeeAccountTest" time="3.529"/>
  <testcase classname="globalsqatests.OpenAccount" name="openDollarAccountTest" time="3.926"/>
  <testcase classname="globalsqatests.OpenAccount" name="openPoundAccountTest" time="3.700"/>
</testsuite> <!-- globalsqatests.OpenAccount -->
