<?xml version="1.0" encoding="UTF-8"?>
<!-- Generated by org.testng.reporters.JUnitReportReporter -->
<testsuite hostname="DESKTOP-DNJOJAA" failures="0" tests="4" name="globalsqatests.BackButton" time="22.104" errors="0" timestamp="18 Jun 2022 16:20:07 GMT" skipped="0">
  <testcase classname="globalsqatests.BackButton" name="ronWeaslyButtonTest" time="5.966"/>
  <testcase classname="globalsqatests.BackButton" name="hermoineGrangerBackButtonTest" time="5.453"/>
  <testcase classname="globalsqatests.BackButton" name="harryPotterBackButtonTest" time="5.474"/>
  <testcase classname="globalsqatests.BackButton" name="nevilleLongbottomBackButtonTest" time="5.211"/>
</testsuite> <!-- globalsqatests.BackButton -->
