<?xml version="1.0" encoding="UTF-8"?>
<!-- Generated by org.testng.reporters.JUnitReportReporter -->
<testsuite hostname="DESKTOP-DNJOJAA" failures="0" tests="2" name="globalsqatests.HomeButton" time="5.755" errors="0" timestamp="17 Jun 2022 00:41:51 GMT" skipped="0">
  <testcase classname="globalsqatests.HomeButton" name="customerHomeButtonTest" time="2.957"/>
  <testcase classname="globalsqatests.HomeButton" name="bankManagerHomeButtonTest" time="2.798"/>
</testsuite> <!-- globalsqatests.HomeButton -->
