<?xml version="1.0" encoding="UTF-8"?>
<!-- Generated by org.testng.reporters.JUnitReportReporter -->
<testsuite hostname="DESKTOP-DNJOJAA" failures="0" tests="3" name="saucedemotests.MenuBar" time="10.339" errors="0" timestamp="17 Jun 2022 00:41:51 GMT" skipped="0">
  <testcase classname="saucedemotests.MenuBar" name="menuBarAboutTest" time="4.790"/>
  <testcase classname="saucedemotests.MenuBar" name="menuBarLogoutTest" time="2.825"/>
  <testcase classname="saucedemotests.MenuBar" name="menuBarAllItemsTest" time="2.724"/>
</testsuite> <!-- saucedemotests.MenuBar -->
