<?xml version="1.0" encoding="UTF-8"?>
<!-- Generated by org.testng.reporters.JUnitReportReporter -->
<testsuite hostname="DESKTOP-DNJOJAA" failures="0" tests="7" name="saucedemotests.AddItemsToCart" time="40.073" errors="0" timestamp="18 Jun 2022 16:20:07 GMT" skipped="0">
  <testcase classname="saucedemotests.AddItemsToCart" name="addBikeLightToCartTest" time="4.980"/>
  <testcase classname="saucedemotests.AddItemsToCart" name="addRedShirtToCartTest" time="8.921"/>
  <testcase classname="saucedemotests.AddItemsToCart" name="addMultipleItemsToCartTest" time="5.318"/>
  <testcase classname="saucedemotests.AddItemsToCart" name="addBackPackToCartTest" time="5.885"/>
  <testcase classname="saucedemotests.AddItemsToCart" name="addFleeceJacketToCartTest" time="4.909"/>
  <testcase classname="saucedemotests.AddItemsToCart" name="addOnesieToCartTest" time="5.392"/>
  <testcase classname="saucedemotests.AddItemsToCart" name="addBoltShirtToCartTest" time="4.668"/>
</testsuite> <!-- saucedemotests.AddItemsToCart -->
