<?xml version="1.0" encoding="UTF-8"?>
<!-- Generated by org.testng.reporters.JUnitReportReporter -->
<testsuite hostname="LAPTOP-QHF3NO6C" failures="0" tests="4" name="uitaptests.Login" time="9.780" errors="0" timestamp="24 Jun 2022 05:10:22 GMT" skipped="0">
  <testcase classname="uitaptests.Login" name="verifyEmptyLoginFail" time="2.342"/>
  <testcase classname="uitaptests.Login" name="verifyValidLogin" time="2.467"/>
  <testcase classname="uitaptests.Login" name="verifyValidLogout" time="2.405"/>
  <testcase classname="uitaptests.Login" name="verifyInvalidLoginFail" time="2.566"/>
</testsuite> <!-- uitaptests.Login -->
