<?xml version="1.0" encoding="UTF-8"?>
<!-- Generated by org.testng.reporters.JUnitReportReporter -->
<testsuite hostname="DESKTOP-DNJOJAA" failures="0" tests="1" name="globalsqatests.DepositButton" time="14.266" errors="0" timestamp="16 Jun 2022 07:29:19 GMT" skipped="0">
  <testcase classname="globalsqatests.DepositButton" name="depositButtonTest" time="14.266"/>
</testsuite> <!-- globalsqatests.DepositButton -->
