<?xml version="1.0" encoding="UTF-8"?>
<!-- Generated by org.testng.reporters.JUnitReportReporter -->
<testsuite skipped="0" hostname="DESKTOP-DNJOJAA" name="saucedemotests.MenuBar" tests="3" failures="0" timestamp="13 Jun 2022 06:28:44 GMT" time="9.353" errors="0">
  <testcase name="menuBarLogoutTest" time="2.809" classname="saucedemotests.MenuBar"/>
  <testcase name="menuBarAboutTest" time="3.546" classname="saucedemotests.MenuBar"/>
  <testcase name="menuBarAllItemsTest" time="2.998" classname="saucedemotests.MenuBar"/>
</testsuite> <!-- saucedemotests.MenuBar -->
