<?xml version="1.0" encoding="UTF-8"?>
<!-- Generated by org.testng.reporters.JUnitReportReporter -->
<testsuite hostname="DESKTOP-DNJOJAA" failures="0" tests="3" name="globalsqatests.SearchCustomer" time="17.188" errors="0" timestamp="18 Jun 2022 16:20:07 GMT" skipped="0">
  <testcase classname="globalsqatests.SearchCustomer" name="searchHarryPotterTest" time="5.892"/>
  <testcase classname="globalsqatests.SearchCustomer" name="searchNevilleLongbottomTest" time="5.065"/>
  <testcase classname="globalsqatests.SearchCustomer" name="searchHermoineGrangerTest" time="6.231"/>
</testsuite> <!-- globalsqatests.SearchCustomer -->
