<?xml version="1.0" encoding="UTF-8"?>
<!-- Generated by org.testng.reporters.JUnitReportReporter -->
<testsuite skipped="0" hostname="DESKTOP-DNJOJAA" name="uitaptests.VerifyOpeningLinks" tests="20" failures="0" timestamp="13 Jun 2022 06:28:43 GMT" time="54.982" errors="0">
  <testcase name="clickClientSideDelayLinkTest" time="2.314" classname="uitaptests.VerifyOpeningLinks"/>
  <testcase name="clickLoadDelayLinkTest" time="7.410" classname="uitaptests.VerifyOpeningLinks"/>
  <testcase name="clickProgressBarLinkTest" time="2.364" classname="uitaptests.VerifyOpeningLinks"/>
  <testcase name="dynamicIdLinkTest" time="2.377" classname="uitaptests.VerifyOpeningLinks"/>
  <testcase name="clickOverlappedLinkTest" time="2.519" classname="uitaptests.VerifyOpeningLinks"/>
  <testcase name="clickScrollBarsLinkTest" time="2.537" classname="uitaptests.VerifyOpeningLinks"/>
  <testcase name="clickResourcesTabTest" time="2.643" classname="uitaptests.VerifyOpeningLinks"/>
  <testcase name="clickVerifyTextLinkTest" time="2.580" classname="uitaptests.VerifyOpeningLinks"/>
  <testcase name="clickMouseOverLinkTest" time="2.563" classname="uitaptests.VerifyOpeningLinks"/>
  <testcase name="clickVisibilityLinkTest" time="2.228" classname="uitaptests.VerifyOpeningLinks"/>
  <testcase name="clickNonBreakingSpaceLinkTest" time="2.374" classname="uitaptests.VerifyOpeningLinks"/>
  <testcase name="clickHomeTabTest" time="2.547" classname="uitaptests.VerifyOpeningLinks"/>
  <testcase name="clickLinkTest" time="2.335" classname="uitaptests.VerifyOpeningLinks"/>
  <testcase name="clickSampleAppLinkTest" time="2.561" classname="uitaptests.VerifyOpeningLinks"/>
  <testcase name="clickTextInputLinkTest" time="3.866" classname="uitaptests.VerifyOpeningLinks"/>
  <testcase name="clickLogoTest" time="2.376" classname="uitaptests.VerifyOpeningLinks"/>
  <testcase name="clickDynamicTableLinkTest" time="2.347" classname="uitaptests.VerifyOpeningLinks"/>
  <testcase name="clickHiddenLayerLinkTest" time="2.254" classname="uitaptests.VerifyOpeningLinks"/>
  <testcase name="clickAjaxDataLinkTest" time="2.332" classname="uitaptests.VerifyOpeningLinks"/>
  <testcase name="clickClassAttributeLinkTest" time="2.455" classname="uitaptests.VerifyOpeningLinks"/>
</testsuite> <!-- uitaptests.VerifyOpeningLinks -->
