<?xml version="1.0" encoding="UTF-8"?>
<!-- Generated by org.testng.reporters.JUnitReportReporter -->
<testsuite hostname="DESKTOP-DNJOJAA" failures="0" tests="4" name="globalsqatests.AddCustomer" time="23.059" errors="0" timestamp="18 Jun 2022 16:20:07 GMT" skipped="0">
  <testcase classname="globalsqatests.AddCustomer" name="addCustomerJohnDoeTest" time="6.012"/>
  <testcase classname="globalsqatests.AddCustomer" name="addMultipleCustomerTest" time="6.216"/>
  <testcase classname="globalsqatests.AddCustomer" name="addCustomerPollakRahmanTest" time="5.437"/>
  <testcase classname="globalsqatests.AddCustomer" name="addCustomerFaieqLaskarTest" time="5.394"/>
</testsuite> <!-- globalsqatests.AddCustomer -->
