<?xml version="1.0" encoding="UTF-8"?>
<!-- Generated by org.testng.reporters.JUnitReportReporter -->
<testsuite hostname="DESKTOP-DNJOJAA" failures="0" tests="7" name="globalsqatests.UserLogin" time="33.793" errors="0" timestamp="19 Jun 2022 21:14:34 GMT" skipped="0">
  <testcase classname="globalsqatests.UserLogin" name="createAnAccountAndLoginWithFaieqTest" time="3.927"/>
  <testcase classname="globalsqatests.UserLogin" name="hermoineGrangerLoginTest" time="3.364"/>
  <testcase classname="globalsqatests.UserLogin" name="createAnAccountAndLoginWithRownakTest" time="4.846"/>
  <testcase classname="globalsqatests.UserLogin" name="harryPotterLoginTest" time="10.442"/>
  <testcase classname="globalsqatests.UserLogin" name="ronWeaslyLoginTest" time="3.238"/>
  <testcase classname="globalsqatests.UserLogin" name="albusDumbledoreLoginTest" time="3.942"/>
  <testcase classname="globalsqatests.UserLogin" name="createAnAccountAndLoginWithJoeTest" time="4.034"/>
</testsuite> <!-- globalsqatests.UserLogin -->
