<?xml version="1.0" encoding="UTF-8"?>
<!-- Generated by org.testng.reporters.JUnitReportReporter -->
<testsuite hostname="DESKTOP-DNJOJAA" failures="0" tests="2" name="globalsqatests.AccountNumberDropDown" time="11.109" errors="0" timestamp="18 Jun 2022 16:20:07 GMT" skipped="0">
  <testcase classname="globalsqatests.AccountNumberDropDown" name="selectMultipleAccountNumbersTest" time="5.752"/>
  <testcase classname="globalsqatests.AccountNumberDropDown" name="selectAccountNumberTest" time="5.357"/>
</testsuite> <!-- globalsqatests.AccountNumberDropDown -->
