<?xml version="1.0" encoding="UTF-8"?>
<!-- Generated by org.testng.reporters.JUnitReportReporter -->
<testsuite hostname="DESKTOP-DNJOJAA" failures="0" tests="9" name="saucedemotests.Login" time="49.541" errors="0" timestamp="18 Jun 2022 16:20:07 GMT" skipped="0">
  <testcase classname="saucedemotests.Login" name="lockedOutUserLoginTest" time="5.535"/>
  <testcase classname="saucedemotests.Login" name="validateLoginButtonWithNoCredentialsTest" time="4.488"/>
  <testcase classname="saucedemotests.Login" name="problemUserLoginTest" time="4.845"/>
  <testcase classname="saucedemotests.Login" name="invalidLoginWithStandardUserTest" time="4.750"/>
  <testcase classname="saucedemotests.Login" name="invalidLoginWithPerformanceGlitchUserTest" time="4.765"/>
  <testcase classname="saucedemotests.Login" name="standardUserLoginTest" time="5.043"/>
  <testcase classname="saucedemotests.Login" name="validateLoginButtonTest" time="4.149"/>
  <testcase classname="saucedemotests.Login" name="performanceGlitchUserLoginTest" time="10.382"/>
  <testcase classname="saucedemotests.Login" name="invalidLoginWithProblemUserTest" time="5.584"/>
</testsuite> <!-- saucedemotests.Login -->
