<?xml version="1.0" encoding="UTF-8"?>
<!-- Generated by org.testng.reporters.JUnitReportReporter -->
<testsuite hostname="DESKTOP-DNJOJAA" failures="0" tests="2" name="globalsqatests.Withdraw" time="7.991" errors="0" timestamp="19 Jun 2022 21:14:34 GMT" skipped="0">
  <testcase classname="globalsqatests.Withdraw" name="withdrawNegativeTest" time="3.975"/>
  <testcase classname="globalsqatests.Withdraw" name="withdrawFunctionTest" time="4.016"/>
</testsuite> <!-- globalsqatests.Withdraw -->
