<?xml version="1.0" encoding="UTF-8"?>
<!-- Generated by org.testng.reporters.JUnitReportReporter -->
<testsuite hostname="DESKTOP-DNJOJAA" failures="0" tests="4" name="globalsqatests.UserLogin" time="21.087" errors="0" timestamp="18 Jun 2022 16:20:07 GMT" skipped="0">
  <testcase classname="globalsqatests.UserLogin" name="harryPotterLoginTest" time="5.101"/>
  <testcase classname="globalsqatests.UserLogin" name="ronWeaslyLoginTest" time="5.291"/>
  <testcase classname="globalsqatests.UserLogin" name="albusDumbledoreLoginTest" time="5.462"/>
  <testcase classname="globalsqatests.UserLogin" name="hermoineGrangerLoginTest" time="5.233"/>
</testsuite> <!-- globalsqatests.UserLogin -->
