<?xml version="1.0" encoding="UTF-8"?>
<!-- Generated by org.testng.reporters.JUnitReportReporter -->
<testsuite hostname="DESKTOP-DNJOJAA" failures="0" tests="1" name="globalsqatests.BankManagerLoginButton" time="13.096" errors="0" timestamp="16 Jun 2022 07:29:19 GMT" skipped="0">
  <testcase classname="globalsqatests.BankManagerLoginButton" name="bankManagerLoginButtonTest" time="13.096"/>
</testsuite> <!-- globalsqatests.BankManagerLoginButton -->
