<?xml version="1.0" encoding="UTF-8"?>
<!-- Generated by org.testng.reporters.JUnitReportReporter -->
<testsuite hostname="LAPTOP-QHF3NO6C" failures="0" tests="12" name="uitaptests.PageRedirects" time="28.704" errors="0" timestamp="24 Jun 2022 05:10:22 GMT" skipped="0">
  <testcase classname="uitaptests.PageRedirects" name="visibilityToHome" time="2.356"/>
  <testcase classname="uitaptests.PageRedirects" name="hiddenLayersToHome" time="2.365"/>
  <testcase classname="uitaptests.PageRedirects" name="ajaxToHome" time="2.424"/>
  <testcase classname="uitaptests.PageRedirects" name="textInputToHome" time="2.381"/>
  <testcase classname="uitaptests.PageRedirects" name="dynamicTableToHome" time="2.424"/>
  <testcase classname="uitaptests.PageRedirects" name="scrollbarsToHome" time="2.375"/>
  <testcase classname="uitaptests.PageRedirects" name="classAttributeToHome" time="2.400"/>
  <testcase classname="uitaptests.PageRedirects" name="clientSideToHome" time="2.422"/>
  <testcase classname="uitaptests.PageRedirects" name="dynamicIDToHome" time="2.356"/>
  <testcase classname="uitaptests.PageRedirects" name="overlappedToHome" time="2.462"/>
  <testcase classname="uitaptests.PageRedirects" name="sampleAppToHome" time="2.398"/>
  <testcase classname="uitaptests.PageRedirects" name="mouseOverToHome" time="2.341"/>
</testsuite> <!-- uitaptests.PageRedirects -->
