<?xml version="1.0" encoding="UTF-8"?>
<!-- Generated by org.testng.reporters.JUnitReportReporter -->
<testsuite hostname="DESKTOP-DNJOJAA" failures="0" tests="4" name="saucedemotests.DropDown" time="10.305" errors="0" timestamp="17 Jun 2022 00:41:51 GMT" skipped="0">
  <testcase classname="saucedemotests.DropDown" name="dragDownAtoZTest" time="2.720"/>
  <testcase classname="saucedemotests.DropDown" name="dragDownLowtoHighTest" time="2.577"/>
  <testcase classname="saucedemotests.DropDown" name="dragDownZtoATest" time="2.554"/>
  <testcase classname="saucedemotests.DropDown" name="dragDownHightoLowTest" time="2.454"/>
</testsuite> <!-- saucedemotests.DropDown -->
