<?xml version="1.0" encoding="UTF-8"?>
<!-- Generated by org.testng.reporters.JUnitReportReporter -->
<testsuite hostname="DESKTOP-DNJOJAA" failures="0" tests="7" name="globalsqatests.Logout" time="61.944" errors="0" timestamp="19 Jun 2022 21:14:34 GMT" skipped="0">
  <testcase classname="globalsqatests.Logout" name="createAnAccountAndLogoutWithJoeTest" time="7.100"/>
  <testcase classname="globalsqatests.Logout" name="albusDumbledoreLogoutTest" time="9.260"/>
  <testcase classname="globalsqatests.Logout" name="createAnAccountAndLogoutWithFaieqTest" time="7.268"/>
  <testcase classname="globalsqatests.Logout" name="nevilleLongbottomLogoutTest" time="9.312"/>
  <testcase classname="globalsqatests.Logout" name="ronWeaslyLogoutTest" time="9.912"/>
  <testcase classname="globalsqatests.Logout" name="harryPotterLogoutTest" time="9.587"/>
  <testcase classname="globalsqatests.Logout" name="hermoineGrangerLogoutTest" time="9.505"/>
</testsuite> <!-- globalsqatests.Logout -->
