<?xml version="1.0" encoding="UTF-8"?>
<!-- Generated by org.testng.reporters.JUnitReportReporter -->
<testsuite hostname="DESKTOP-DNJOJAA" failures="0" tests="3" name="globalsqatests.OpenAccount" time="15.492" errors="0" timestamp="18 Jun 2022 16:20:07 GMT" skipped="0">
  <testcase classname="globalsqatests.OpenAccount" name="openRupeeAccountTest" time="4.983"/>
  <testcase classname="globalsqatests.OpenAccount" name="openPoundAccountTest" time="5.211"/>
  <testcase classname="globalsqatests.OpenAccount" name="openDollarAccountTest" time="5.298"/>
</testsuite> <!-- globalsqatests.OpenAccount -->
