<?xml version="1.0" encoding="UTF-8"?>
<!-- Generated by org.testng.reporters.JUnitReportReporter -->
<testsuite hostname="LAPTOP-QHF3NO6C" failures="0" tests="27" name="uitaptests.HyperLinks" time="69.796" errors="0" timestamp="24 Jun 2022 05:10:22 GMT" skipped="0">
  <testcase classname="uitaptests.HyperLinks" name="clickClickLinkTest" time="2.185"/>
  <testcase classname="uitaptests.HyperLinks" name="forkGitExternalLink" time="3.099"/>
  <testcase classname="uitaptests.HyperLinks" name="clickClassAttributeLinkTest" time="2.220"/>
  <testcase classname="uitaptests.HyperLinks" name="clickLogoTest" time="2.176"/>
  <testcase classname="uitaptests.HyperLinks" name="clickDynamicTableLinkTest" time="2.257"/>
  <testcase classname="uitaptests.HyperLinks" name="clickShadowDOMLinkTest" time="2.230"/>
  <testcase classname="uitaptests.HyperLinks" name="clickVerifyTextLinkTest" time="2.267"/>
  <testcase classname="uitaptests.HyperLinks" name="clickScrollBarsLinkTest" time="2.177"/>
  <testcase classname="uitaptests.HyperLinks" name="clickTextInputLinkTest" time="2.179"/>
  <testcase classname="uitaptests.HyperLinks" name="starLinkExternalLink" time="2.879"/>
  <testcase classname="uitaptests.HyperLinks" name="rapiseExternalLink" time="3.248"/>
  <testcase classname="uitaptests.HyperLinks" name="clickHiddenLayerLinkTest" time="2.255"/>
  <testcase classname="uitaptests.HyperLinks" name="clickHomeTabTest" time="2.212"/>
  <testcase classname="uitaptests.HyperLinks" name="clickAjaxDataLinkTest" time="2.296"/>
  <testcase classname="uitaptests.HyperLinks" name="cc4ExternalLink" time="2.801"/>
  <testcase classname="uitaptests.HyperLinks" name="clickSampleAppLinkTest" time="2.255"/>
  <testcase classname="uitaptests.HyperLinks" name="clickDynamicIdLinkTest" time="2.204"/>
  <testcase classname="uitaptests.HyperLinks" name="clickProgressBarLinkTest" time="2.170"/>
  <testcase classname="uitaptests.HyperLinks" name="clickClientSideDelayLinkTest" time="2.254"/>
  <testcase classname="uitaptests.HyperLinks" name="apacheLicenseExternalLink" time="2.786"/>
  <testcase classname="uitaptests.HyperLinks" name="clickOverlappedLinkTest" time="2.228"/>
  <testcase classname="uitaptests.HyperLinks" name="clickNonBreakingSpaceLinkTest" time="2.232"/>
  <testcase classname="uitaptests.HyperLinks" name="inflectraExternalLink" time="3.271"/>
  <testcase classname="uitaptests.HyperLinks" name="clickMouseOverLinkTest" time="2.147"/>
  <testcase classname="uitaptests.HyperLinks" name="clickLoadDelayLinkTest" time="7.313"/>
  <testcase classname="uitaptests.HyperLinks" name="clickVisibilityLinkTest" time="2.204"/>
  <testcase classname="uitaptests.HyperLinks" name="clickResourcesTabTest" time="2.251"/>
</testsuite> <!-- uitaptests.HyperLinks -->
