<?xml version="1.0" encoding="UTF-8"?>
<!-- Generated by org.testng.reporters.JUnitReportReporter -->
<testsuite hostname="LAPTOP-QHF3NO6C" failures="0" tests="4" name="uitaptests.TextField" time="9.405" errors="0" timestamp="24 Jun 2022 05:10:22 GMT" skipped="0">
  <testcase classname="uitaptests.TextField" name="nameTextBoxTyping" time="2.291"/>
  <testcase classname="uitaptests.TextField" name="textBoxTextInput" time="2.371"/>
  <testcase classname="uitaptests.TextField" name="idTextBoxTyping" time="2.319"/>
  <testcase classname="uitaptests.TextField" name="buttonTextChange" time="2.424"/>
</testsuite> <!-- uitaptests.TextField -->
