<?xml version="1.0" encoding="UTF-8"?>
<!-- Generated by org.testng.reporters.JUnitReportReporter -->
<testsuite hostname="DESKTOP-DNJOJAA" failures="0" tests="2" name="saucedemotests.CheckOut" time="5.885" errors="0" timestamp="17 Jun 2022 00:41:51 GMT" skipped="0">
  <testcase classname="saucedemotests.CheckOut" name="singleItemCheckOutTest" time="2.884"/>
  <testcase classname="saucedemotests.CheckOut" name="mulipleItemsCheckOutTest" time="3.001"/>
</testsuite> <!-- saucedemotests.CheckOut -->
