<?xml version="1.0" encoding="UTF-8"?>
<!-- Generated by org.testng.reporters.JUnitReportReporter -->
<testsuite hostname="DESKTOP-DNJOJAA" failures="0" tests="7" name="globalsqatests.AccountNumber" time="27.321" errors="0" timestamp="19 Jun 2022 21:14:34 GMT" skipped="0">
  <testcase classname="globalsqatests.AccountNumber" name="selectMultipleAccountsForAlbusTest" time="3.477"/>
  <testcase classname="globalsqatests.AccountNumber" name="selectMultipleAccountsForNevilleTest" time="3.674"/>
  <testcase classname="globalsqatests.AccountNumber" name="selectMultipleAccountsForRonTest" time="3.829"/>
  <testcase classname="globalsqatests.AccountNumber" name="createAccountAndVerifyAccountNumberTest" time="5.225"/>
  <testcase classname="globalsqatests.AccountNumber" name="selectMultipleAccountsForHermoineTest" time="3.830"/>
  <testcase classname="globalsqatests.AccountNumber" name="selectAccountNumberTest" time="3.810"/>
  <testcase classname="globalsqatests.AccountNumber" name="selectMultipleAccountsForHarryTest" time="3.476"/>
</testsuite> <!-- globalsqatests.AccountNumber -->
