<?xml version="1.0" encoding="UTF-8"?>
<!-- Generated by org.testng.reporters.JUnitReportReporter -->
<testsuite hostname="DESKTOP-DNJOJAA" failures="0" tests="1" name="globalsqatests.DeleteButton" time="3.317" errors="0" timestamp="19 Jun 2022 21:14:34 GMT" skipped="0">
  <testcase classname="globalsqatests.DeleteButton" name="deleteCustomerTest" time="3.317"/>
</testsuite> <!-- globalsqatests.DeleteButton -->
