<?xml version="1.0" encoding="UTF-8"?>
<!-- Generated by org.testng.reporters.JUnitReportReporter -->
<testsuite hostname="DESKTOP-DNJOJAA" failures="0" tests="1" name="globalsqatests.DeleteButton" time="29.399" errors="0" timestamp="16 Jun 2022 07:29:20 GMT" skipped="0">
  <testcase classname="globalsqatests.DeleteButton" name="deleteCustomerTest" time="29.399"/>
</testsuite> <!-- globalsqatests.DeleteButton -->
