<?xml version="1.0" encoding="UTF-8"?>
<!-- Generated by org.testng.reporters.JUnitReportReporter -->
<testsuite hostname="DESKTOP-DNJOJAA" failures="0" tests="3" name="saucedemotests.Icons" time="22.744" errors="0" timestamp="17 Jun 2022 00:41:51 GMT" skipped="0">
  <testcase classname="saucedemotests.Icons" name="facebookIconTest" time="7.490"/>
  <testcase classname="saucedemotests.Icons" name="twitterIconTest" time="7.576"/>
  <testcase classname="saucedemotests.Icons" name="linkedInIconTest" time="7.678"/>
</testsuite> <!-- saucedemotests.Icons -->
