<?xml version="1.0" encoding="UTF-8"?>
<!-- Generated by org.testng.reporters.JUnitReportReporter -->
<testsuite hostname="DESKTOP-DNJOJAA" failures="0" tests="2" name="saucedemotests.ResetAddToCart" time="33.383" errors="0" timestamp="18 Jun 2022 16:20:07 GMT" skipped="0">
  <testcase classname="saucedemotests.ResetAddToCart" name="resetAddToCartTest" time="16.797"/>
  <testcase classname="saucedemotests.ResetAddToCart" name="resetMultipleItemsAddToCartTest" time="16.586"/>
</testsuite> <!-- saucedemotests.ResetAddToCart -->
