<?xml version="1.0" encoding="UTF-8"?>
<!-- Generated by org.testng.reporters.JUnitReportReporter -->
<testsuite hostname="LAPTOP-QHF3NO6C" failures="0" tests="5" name="uitaptests.ExistingElement" time="58.656" errors="0" timestamp="24 Jun 2022 05:10:22 GMT" skipped="0">
  <testcase classname="uitaptests.ExistingElement" name="verifyWelcomeText" time="2.620"/>
  <testcase classname="uitaptests.ExistingElement" name="verifyWaitForText" time="24.038"/>
  <testcase classname="uitaptests.ExistingElement" name="AJAXButtonText" time="22.418"/>
  <testcase classname="uitaptests.ExistingElement" name="verifyRubiksImage" time="2.077"/>
  <testcase classname="uitaptests.ExistingElement" name="verifyLoadDelHeader" time="7.503"/>
</testsuite> <!-- uitaptests.ExistingElement -->
