<?xml version="1.0" encoding="UTF-8"?>
<!-- Generated by org.testng.reporters.JUnitReportReporter -->
<testsuite hostname="LAPTOP-QHF3NO6C" failures="0" tests="5" name="uitaptests.GetValueOrLoad" time="16.433" errors="0" timestamp="24 Jun 2022 05:10:22 GMT" skipped="0">
  <testcase classname="uitaptests.GetValueOrLoad" name="initialClickCount" time="2.207"/>
  <testcase classname="uitaptests.GetValueOrLoad" name="clickMeRecord" time="2.316"/>
  <testcase classname="uitaptests.GetValueOrLoad" name="progressBarLoadTime" time="2.323"/>
  <testcase classname="uitaptests.GetValueOrLoad" name="readCPULoadValue" time="2.329"/>
  <testcase classname="uitaptests.GetValueOrLoad" name="continuousClicksCount" time="7.258"/>
</testsuite> <!-- uitaptests.GetValueOrLoad -->
