<?xml version="1.0" encoding="UTF-8"?>
<!-- Generated by org.testng.reporters.JUnitReportReporter -->
<testsuite skipped="0" hostname="DESKTOP-DNJOJAA" name="saucedemotests.CheckOut" tests="2" failures="0" timestamp="13 Jun 2022 06:28:43 GMT" time="6.749" errors="0">
  <testcase name="singleItemCheckOutTest" time="3.269" classname="saucedemotests.CheckOut"/>
  <testcase name="mulipleItemsCheckOutTest" time="3.480" classname="saucedemotests.CheckOut"/>
</testsuite> <!-- saucedemotests.CheckOut -->
