<?xml version="1.0" encoding="UTF-8"?>
<!-- Generated by org.testng.reporters.JUnitReportReporter -->
<testsuite hostname="DESKTOP-DNJOJAA" failures="0" tests="3" name="saucedemotests.Login" time="7.057" errors="0" timestamp="17 Jun 2022 00:41:51 GMT" skipped="0">
  <testcase classname="saucedemotests.Login" name="invalidLogInTest" time="2.499"/>
  <testcase classname="saucedemotests.Login" name="validateLogInButton" time="2.115"/>
  <testcase classname="saucedemotests.Login" name="logInTest" time="2.443"/>
</testsuite> <!-- saucedemotests.Login -->
