<?xml version="1.0" encoding="UTF-8"?>
<!-- Generated by org.testng.reporters.JUnitReportReporter -->
<testsuite hostname="DESKTOP-DNJOJAA" failures="0" tests="1" name="globalsqatests.DeleteButton" time="4.896" errors="0" timestamp="18 Jun 2022 16:20:07 GMT" skipped="0">
  <testcase classname="globalsqatests.DeleteButton" name="deleteCustomerTest" time="4.896"/>
</testsuite> <!-- globalsqatests.DeleteButton -->
