<?xml version="1.0" encoding="UTF-8"?>
<!-- Generated by org.testng.reporters.JUnitReportReporter -->
<testsuite skipped="0" hostname="DESKTOP-DNJOJAA" name="saucedemotests.AddItemsToCart" tests="7" failures="0" timestamp="13 Jun 2022 06:28:43 GMT" time="20.435" errors="0">
  <testcase name="addOnesieToCart" time="3.272" classname="saucedemotests.AddItemsToCart"/>
  <testcase name="addBackPackToCart" time="2.839" classname="saucedemotests.AddItemsToCart"/>
  <testcase name="addBikeLightToCart" time="2.733" classname="saucedemotests.AddItemsToCart"/>
  <testcase name="addRedShirtToCart" time="2.911" classname="saucedemotests.AddItemsToCart"/>
  <testcase name="addMultipleItemsToCartTest" time="2.967" classname="saucedemotests.AddItemsToCart"/>
  <testcase name="addFleeceJacketToCart" time="3.081" classname="saucedemotests.AddItemsToCart"/>
  <testcase name="addBoltShirtToCart" time="2.632" classname="saucedemotests.AddItemsToCart"/>
</testsuite> <!-- saucedemotests.AddItemsToCart -->
