<?xml version="1.0" encoding="UTF-8"?>
<!-- Generated by org.testng.reporters.JUnitReportReporter -->
<testsuite hostname="DESKTOP-DNJOJAA" failures="0" tests="1" name="globalsqatests.CustomerLoginButton" time="7.073" errors="0" timestamp="18 Jun 2022 16:20:07 GMT" skipped="0">
  <testcase classname="globalsqatests.CustomerLoginButton" name="customerLoginButtonTest" time="7.073"/>
</testsuite> <!-- globalsqatests.CustomerLoginButton -->
