<?xml version="1.0" encoding="UTF-8"?>
<!-- Generated by org.testng.reporters.JUnitReportReporter -->
<testsuite skipped="0" hostname="DESKTOP-DNJOJAA" name="saucedemotests.DropDown" tests="4" failures="0" timestamp="13 Jun 2022 06:28:43 GMT" time="11.177" errors="0">
  <testcase name="dragDownLowtoHighTest" time="2.919" classname="saucedemotests.DropDown"/>
  <testcase name="dragDownHightoLowTest" time="2.877" classname="saucedemotests.DropDown"/>
  <testcase name="dragDownAtoZTest" time="2.590" classname="saucedemotests.DropDown"/>
  <testcase name="dragDownZtoATest" time="2.791" classname="saucedemotests.DropDown"/>
</testsuite> <!-- saucedemotests.DropDown -->
