<?xml version="1.0" encoding="UTF-8"?>
<!-- Generated by org.testng.reporters.JUnitReportReporter -->
<testsuite hostname="DESKTOP-DNJOJAA" failures="0" tests="1" name="globalsqatests.SearchCustomer" time="3.027" errors="0" timestamp="17 Jun 2022 00:41:51 GMT" skipped="0">
  <testcase classname="globalsqatests.SearchCustomer" name="searchCustomerTest" time="3.027"/>
</testsuite> <!-- globalsqatests.SearchCustomer -->
