<?xml version="1.0" encoding="UTF-8"?>
<!-- Generated by org.testng.reporters.JUnitReportReporter -->
<testsuite hostname="DESKTOP-DNJOJAA" failures="0" tests="4" name="saucedemotests.DropDown" time="21.664" errors="0" timestamp="18 Jun 2022 16:20:07 GMT" skipped="0">
  <testcase classname="saucedemotests.DropDown" name="dragDownZtoATest" time="5.399"/>
  <testcase classname="saucedemotests.DropDown" name="dragDownHightoLowTest" time="5.267"/>
  <testcase classname="saucedemotests.DropDown" name="dragDownAtoZTest" time="5.256"/>
  <testcase classname="saucedemotests.DropDown" name="dragDownLowtoHighTest" time="5.742"/>
</testsuite> <!-- saucedemotests.DropDown -->
