<?xml version="1.0" encoding="UTF-8"?>
<!-- Generated by org.testng.reporters.JUnitReportReporter -->
<testsuite hostname="DESKTOP-DNJOJAA" failures="0" tests="9" name="globalsqatests.HomeButton" time="30.837" errors="0" timestamp="19 Jun 2022 21:14:34 GMT" skipped="0">
  <testcase classname="globalsqatests.HomeButton" name="bankManagerCustomersHomeButtonTest" time="3.722"/>
  <testcase classname="globalsqatests.HomeButton" name="transactionsHomeButtonTest" time="3.612"/>
  <testcase classname="globalsqatests.HomeButton" name="depositHomeButtonTest" time="3.284"/>
  <testcase classname="globalsqatests.HomeButton" name="bankManagerHomeButtonTest" time="3.214"/>
  <testcase classname="globalsqatests.HomeButton" name="customerLoginHomeButtonTest" time="3.322"/>
  <testcase classname="globalsqatests.HomeButton" name="bankManagerOpenAccountHomeButtonTest" time="3.285"/>
  <testcase classname="globalsqatests.HomeButton" name="withdawlHomeButtonTest" time="3.494"/>
  <testcase classname="globalsqatests.HomeButton" name="bankManagerAddCustomerHomeButtonTest" time="3.583"/>
  <testcase classname="globalsqatests.HomeButton" name="customerHomeButtonTest" time="3.321"/>
</testsuite> <!-- globalsqatests.HomeButton -->
