<?xml version="1.0" encoding="UTF-8"?>
<!-- Generated by org.testng.reporters.JUnitReportReporter -->
<testsuite hostname="DESKTOP-DNJOJAA" failures="0" tests="1" name="globalsqatests.TransactionsButton" time="3.332" errors="0" timestamp="17 Jun 2022 00:41:51 GMT" skipped="0">
  <testcase classname="globalsqatests.TransactionsButton" name="transactionsButton" time="3.332"/>
</testsuite> <!-- globalsqatests.TransactionsButton -->
