<?xml version="1.0" encoding="UTF-8"?>
<!-- Generated by org.testng.reporters.JUnitReportReporter -->
<testsuite hostname="DESKTOP-DNJOJAA" failures="0" tests="4" name="globalsqatests.AddCustomer" time="14.364" errors="0" timestamp="19 Jun 2022 21:14:34 GMT" skipped="0">
  <testcase classname="globalsqatests.AddCustomer" name="addCustomerJohnDoeTest" time="3.560"/>
  <testcase classname="globalsqatests.AddCustomer" name="addCustomerPollakRahmanTest" time="3.288"/>
  <testcase classname="globalsqatests.AddCustomer" name="addMultipleCustomerTest" time="3.914"/>
  <testcase classname="globalsqatests.AddCustomer" name="addCustomerFaieqLaskarTest" time="3.602"/>
</testsuite> <!-- globalsqatests.AddCustomer -->
