<?xml version="1.0" encoding="UTF-8"?>
<!-- Generated by org.testng.reporters.JUnitReportReporter -->
<testsuite hostname="DESKTOP-DNJOJAA" failures="0" tests="8" name="saucedemotests.HoverOver" time="109.889" errors="0" timestamp="18 Jun 2022 16:20:07 GMT" skipped="0">
  <testcase classname="saucedemotests.HoverOver" name="hoverOverPlatformTest" time="13.238"/>
  <testcase classname="saucedemotests.HoverOver" name="hoverOverResourcesTest" time="12.217"/>
  <testcase classname="saucedemotests.HoverOver" name="hoverOverPricingTest" time="15.321"/>
  <testcase classname="saucedemotests.HoverOver" name="hoverOverCrossBrowserTestingAndClickTest" time="14.998"/>
  <testcase classname="saucedemotests.HoverOver" name="hoverOverMobileTestingTest" time="14.338"/>
  <testcase classname="saucedemotests.HoverOver" name="hoverOverLowCodeTestingAndClickTest" time="16.009"/>
  <testcase classname="saucedemotests.HoverOver" name="hoverOverCompanyTest" time="13.002"/>
  <testcase classname="saucedemotests.HoverOver" name="hoverOverSolutionsTest" time="10.766"/>
</testsuite> <!-- saucedemotests.HoverOver -->
