<?xml version="1.0" encoding="UTF-8"?>
<!-- Generated by org.testng.reporters.JUnitReportReporter -->
<testsuite skipped="0" hostname="DESKTOP-DNJOJAA" name="saucedemotests.Login" tests="3" failures="0" timestamp="13 Jun 2022 06:28:44 GMT" time="7.678" errors="0">
  <testcase name="logInTest" time="2.572" classname="saucedemotests.Login"/>
  <testcase name="validateLogInButton" time="2.264" classname="saucedemotests.Login"/>
  <testcase name="invalidLogInTest" time="2.842" classname="saucedemotests.Login"/>
</testsuite> <!-- saucedemotests.Login -->
