<?xml version="1.0" encoding="UTF-8"?>
<!-- Generated by org.testng.reporters.JUnitReportReporter -->
<testsuite hostname="DESKTOP-DNJOJAA" failures="0" tests="2" name="saucedemotests.CheckOut" time="11.891" errors="0" timestamp="18 Jun 2022 16:20:07 GMT" skipped="0">
  <testcase classname="saucedemotests.CheckOut" name="singleItemCheckOutTest" time="6.079"/>
  <testcase classname="saucedemotests.CheckOut" name="mulipleItemsCheckOutTest" time="5.812"/>
</testsuite> <!-- saucedemotests.CheckOut -->
