<?xml version="1.0" encoding="UTF-8"?>
<!-- Generated by org.testng.reporters.JUnitReportReporter -->
<testsuite hostname="DESKTOP-DNJOJAA" failures="0" tests="3" name="saucedemotests.Icons" time="30.006" errors="0" timestamp="18 Jun 2022 16:20:07 GMT" skipped="0">
  <testcase classname="saucedemotests.Icons" name="facebookIconTest" time="10.104"/>
  <testcase classname="saucedemotests.Icons" name="linkedInIconTest" time="10.677"/>
  <testcase classname="saucedemotests.Icons" name="twitterIconTest" time="9.225"/>
</testsuite> <!-- saucedemotests.Icons -->
