<?xml version="1.0" encoding="UTF-8"?>
<!-- Generated by org.testng.reporters.JUnitReportReporter -->
<testsuite hostname="DESKTOP-DNJOJAA" failures="0" tests="6" name="globalsqatests.Deposit" time="22.886" errors="0" timestamp="19 Jun 2022 21:14:34 GMT" skipped="0">
  <testcase classname="globalsqatests.Deposit" name="newAccountDepositTest" time="4.885"/>
  <testcase classname="globalsqatests.Deposit" name="depositHarryTest" time="3.466"/>
  <testcase classname="globalsqatests.Deposit" name="depositHermoineTest" time="3.639"/>
  <testcase classname="globalsqatests.Deposit" name="depositRonTest" time="3.498"/>
  <testcase classname="globalsqatests.Deposit" name="depositAlbusTest" time="3.596"/>
  <testcase classname="globalsqatests.Deposit" name="depositNevilleTest" time="3.802"/>
</testsuite> <!-- globalsqatests.Deposit -->
