<?xml version="1.0" encoding="UTF-8"?>
<!-- Generated by org.testng.reporters.JUnitReportReporter -->
<testsuite hostname="DESKTOP-DNJOJAA" failures="0" tests="2" name="globalsqatests.UserLogin" time="23.430" errors="0" timestamp="16 Jun 2022 07:29:20 GMT" skipped="0">
  <testcase classname="globalsqatests.UserLogin" name="harryPotterLoginTest" time="11.789"/>
  <testcase classname="globalsqatests.UserLogin" name="ronWeaslyLoginTest" time="11.641"/>
</testsuite> <!-- globalsqatests.UserLogin -->
