<?xml version="1.0" encoding="UTF-8"?>
<!-- Generated by org.testng.reporters.JUnitReportReporter -->
<testsuite hostname="DESKTOP-DNJOJAA" failures="0" tests="2" name="globalsqatests.UserLogin" time="6.220" errors="0" timestamp="17 Jun 2022 00:41:51 GMT" skipped="0">
  <testcase classname="globalsqatests.UserLogin" name="ronWeaslyLoginTest" time="2.939"/>
  <testcase classname="globalsqatests.UserLogin" name="harryPotterLoginTest" time="3.281"/>
</testsuite> <!-- globalsqatests.UserLogin -->
