<?xml version="1.0" encoding="UTF-8"?>
<!-- Generated by org.testng.reporters.JUnitReportReporter -->
<testsuite hostname="DESKTOP-DNJOJAA" failures="0" tests="2" name="globalsqatests.HomeButton" time="11.393" errors="0" timestamp="18 Jun 2022 16:20:07 GMT" skipped="0">
  <testcase classname="globalsqatests.HomeButton" name="bankManagerHomeButtonTest" time="5.980"/>
  <testcase classname="globalsqatests.HomeButton" name="customerHomeButtonTest" time="5.413"/>
</testsuite> <!-- globalsqatests.HomeButton -->
