<?xml version="1.0" encoding="UTF-8"?>
<!-- Generated by org.testng.reporters.JUnitReportReporter -->
<testsuite hostname="DESKTOP-DNJOJAA" failures="0" tests="4" name="globalsqatests.BackButton" time="15.053" errors="0" timestamp="19 Jun 2022 21:14:34 GMT" skipped="0">
  <testcase classname="globalsqatests.BackButton" name="hermoineGrangerBackButtonTest" time="3.647"/>
  <testcase classname="globalsqatests.BackButton" name="nevilleLongbottomBackButtonTest" time="4.030"/>
  <testcase classname="globalsqatests.BackButton" name="harryPotterBackButtonTest" time="3.687"/>
  <testcase classname="globalsqatests.BackButton" name="ronWeaslyBackButtonTest" time="3.689"/>
</testsuite> <!-- globalsqatests.BackButton -->
