<?xml version="1.0" encoding="UTF-8"?>
<!-- Generated by org.testng.reporters.JUnitReportReporter -->
<testsuite hostname="DESKTOP-DNJOJAA" failures="0" tests="3" name="saucedemotests.MenuBar" time="21.762" errors="0" timestamp="18 Jun 2022 16:20:07 GMT" skipped="0">
  <testcase classname="saucedemotests.MenuBar" name="menuBarLogoutTest" time="7.233"/>
  <testcase classname="saucedemotests.MenuBar" name="menuBarAllItemsTest" time="6.237"/>
  <testcase classname="saucedemotests.MenuBar" name="menuBarAboutTest" time="8.292"/>
</testsuite> <!-- saucedemotests.MenuBar -->
