<?xml version="1.0" encoding="UTF-8"?>
<!-- Generated by org.testng.reporters.JUnitReportReporter -->
<testsuite hostname="DESKTOP-DNJOJAA" failures="0" tests="7" name="saucedemotests.AddItemsToCart" time="21.160" errors="0" timestamp="17 Jun 2022 00:41:51 GMT" skipped="0">
  <testcase classname="saucedemotests.AddItemsToCart" name="addRedShirtToCartTest" time="2.749"/>
  <testcase classname="saucedemotests.AddItemsToCart" name="addMultipleItemsToCartTest" time="3.009"/>
  <testcase classname="saucedemotests.AddItemsToCart" name="addOnesieToCartTest" time="4.084"/>
  <testcase classname="saucedemotests.AddItemsToCart" name="addBoltShirtToCartTest" time="2.767"/>
  <testcase classname="saucedemotests.AddItemsToCart" name="addBackPackToCartTest" time="2.929"/>
  <testcase classname="saucedemotests.AddItemsToCart" name="addFleeceJacketToCartTest" time="2.939"/>
  <testcase classname="saucedemotests.AddItemsToCart" name="addBikeLightToCartTest" time="2.683"/>
</testsuite> <!-- saucedemotests.AddItemsToCart -->
