<?xml version="1.0" encoding="UTF-8"?>
<!-- Generated by org.testng.reporters.JUnitReportReporter -->
<testsuite hostname="DESKTOP-DNJOJAA" failures="0" tests="2" name="globalsqatests.HomeButton" time="27.098" errors="0" timestamp="16 Jun 2022 07:29:20 GMT" skipped="0">
  <testcase classname="globalsqatests.HomeButton" name="customerHomeButtonTest" time="15.333"/>
  <testcase classname="globalsqatests.HomeButton" name="bankManagerHomeButtonTest" time="11.765"/>
</testsuite> <!-- globalsqatests.HomeButton -->
