<?xml version="1.0" encoding="UTF-8"?>
<!-- Generated by org.testng.reporters.JUnitReportReporter -->
<testsuite hostname="LAPTOP-QHF3NO6C" failures="0" tests="1" name="uitaptests.ScrollBar" time="2.152" errors="0" timestamp="24 Jun 2022 05:10:22 GMT" skipped="0">
  <testcase classname="uitaptests.ScrollBar" name="homePageScroll" time="2.152"/>
</testsuite> <!-- uitaptests.ScrollBar -->
