<?xml version="1.0" encoding="UTF-8"?>
<!-- Generated by org.testng.reporters.JUnitReportReporter -->
<testsuite hostname="DESKTOP-DNJOJAA" failures="0" tests="6" name="globalsqatests.SearchCustomer" time="21.258" errors="0" timestamp="19 Jun 2022 21:14:34 GMT" skipped="0">
  <testcase classname="globalsqatests.SearchCustomer" name="searchAlbusDumbledoreTest" time="3.667"/>
  <testcase classname="globalsqatests.SearchCustomer" name="searchRonWeaslyTest" time="3.233"/>
  <testcase classname="globalsqatests.SearchCustomer" name="searchNevilleLongbottomTest" time="3.414"/>
  <testcase classname="globalsqatests.SearchCustomer" name="createAnAccountAndSearchRownakTest" time="4.246"/>
  <testcase classname="globalsqatests.SearchCustomer" name="searchHarryPotterTest" time="3.302"/>
  <testcase classname="globalsqatests.SearchCustomer" name="searchHermoineGrangerTest" time="3.396"/>
</testsuite> <!-- globalsqatests.SearchCustomer -->
